[166897220458] mag: (2.5000,-75.7500,-0.3750)
[166897220461] gyr: (1.6463,-0.8537,-11.7683)
[166897220462] acc: (-0.3010,-0.2974,1.9990)
[166897220462] gyr: (4.6951,-1.7073,-20.5488)
[166897220463] acc: (-0.3013,-0.3423,2.0181)
[166897220463] gyr: (4.2073,-1.2805,-30.7927)
[166897220464] acc: (-0.2666,-0.2026,2.0117)
[166897220464] gyr: (5.3659,-1.5854,-37.9878)
[166897220464] acc: (-0.2346,-0.0647,2.0115)
[166897220465] gyr: (6.4634,-1.8293,-41.7683)
[166897220466] acc: (-0.2256,-0.0503,1.9954)
[166897220466] gyr: (3.5976,-2.1341,-43.4146)
[166897220467] acc: (-0.2378,-0.0085,2.0037)
[166897220467] gyr: (5.1220,-2.4390,-43.1707)
[166897220468] acc: (-0.2244,0.0195,1.9917)
[166897220468] gyr: (4.2073,-1.8902,-43.3537)
[166897220469] mag: (2.5000,-75.3750,-0.3750)
[166897220470] acc: (-0.2117,0.0220,2.0098)
[166897220470] gyr: (5.0610,-2.3780,-42.7439)
[166897220470] acc: (-0.1711,0.1079,2.0122)
[166897220470] gyr: (3.8415,-1.3415,-41.1585)
[166897220471] acc: (-0.1733,0.2197,2.0068)
[166897220471] gyr: (4.2683,-1.0976,-34.9390)
[166897220472] acc: (-0.1494,0.2546,1.9939)
[166897220472] gyr: (3.1098,-0.9756,-28.6585)
[166897220473] acc: (-0.1392,0.2268,2.0015)
[166897220473] gyr: (3.2927,-1.1585,-24.6341)
[166897220473] acc: (-0.1306,0.2744,2.0137)
[166897220473] gyr: (2.0732,-0.6098,-19.2073)
[166897220475] acc: (-0.1460,0.3291,1.9963)
[166897220475] gyr: (0.0000,-1.3415,-10.4268)
[166897220476] acc: (-0.1479,0.3528,2.0034)
[166897220476] gyr: (-2.0732,-2.9268,-0.7317)
[166897220476] acc: (-0.2207,0.0374,2.0630)
[166897220476] gyr: (-7.7439,-2.5000,-0.7927)
[166897220478] acc: (-0.2139,0.0105,2.0354)
[166897220478] gyr: (-9.1463,-3.7805,-0.9756)
[166897220479] mag: (1.4375,-76.1250,0.0000)
[166897220479] acc: (-0.1958,0.0500,2.0271)
[166897220479] gyr: (-10.8537,-4.6341,-0.5488)
[166897220480] acc: (-0.1768,0.1003,2.0359)
[166897220480] gyr: (-13.3537,-4.6341,2.9878)
[166897220481] acc: (-0.1309,0.2043,2.0366)
[166897220481] gyr: (-15.7317,-6.5854,10.3049)
[166897220482] acc: (-0.0781,0.2668,2.0374)
[166897220482] gyr: (-20.6707,-6.3415,21.2805)
[166897220482] acc: (-0.0396,0.3167,1.9829)
[166897220482] gyr: (-14.3293,-5.7927,34.2683)
[166897220484] acc: (-0.0093,0.2646,1.9373)
[166897220484] gyr: (-11.5854,-1.8293,46.7683)
[166897220485] acc: (-0.0093,0.2842,1.9468)
[166897220485] gyr: (-5.3049,2.2561,58.8415)
[166897220485] acc: (-0.0291,0.2366,1.9233)
[166897220485] gyr: (2.4390,6.0976,67.2561)
[166897220487] acc: (-0.0725,0.1594,1.9263)
[166897220488] gyr: (8.9634,10.7927,73.6585)
[166897220488] acc: (-0.1724,0.0442,1.9788)
[166897220488] gyr: (10.1220,12.0122,71.1585)
[166897220488] acc: (-0.2993,-0.0718,2.0908)
[166897220489] gyr: (5.7317,7.6220,65.7317)
[166897220489] mag: (2.5000,-75.7500,1.1250)
[166897220490] acc: (-0.4148,-0.3083,2.1069)
[166897220491] gyr: (-1.8902,2.0732,52.5610)
[166897220491] acc: (-0.5303,-0.5383,2.0234)
[166897220491] gyr: (-0.7317,1.7683,35.9146)
[166897220491] acc: (-0.5625,-0.6626,1.9434)
[166897220492] gyr: (0.0000,1.5854,13.4756)
[166897220493] acc: (-0.4158,-0.3806,1.9814)
[166897220493] gyr: (9.1463,-2.9268,0.4268)
[166897220494] acc: (-0.1514,0.0632,1.9578)
[166897220494] gyr: (7.6829,3.1098,1.0366)
[166897220494] acc: (-0.2307,0.0159,2.0554)
[166897220494] gyr: (5.5488,0.8537,0.0000)
[166897220496] acc: (-0.2502,-0.0544,2.0381)
[166897220496] gyr: (4.8780,0.4878,-1.7073)
[166897220497] acc: (-0.2788,-0.1748,2.0110)
[166897220497] gyr: (1.8293,-0.8537,-8.4146)
[166897220497] acc: (-0.2930,-0.3081,2.0452)
[166897220497] gyr: (3.1707,-1.8902,-18.9024)
[166897220499] acc: (-0.2878,-0.2751,2.0083)
[166897220499] gyr: (2.6220,-0.8537,-27.4390)
[166897220500] mag: (2.1250,-76.5000,1.1250)
[166897220500] acc: (-0.2729,-0.2576,2.0129)
[166897220500] gyr: (5.3659,-2.0122,-36.5244)
[166897220501] acc: (-0.2397,-0.2739,2.0205)
[166897220501] gyr: (4.2683,-2.3780,-46.6463)
[166897220502] acc: (-0.2502,-0.2017,2.0139)
[166897220502] gyr: (6.4634,-2.8049,-53.8415)
[166897220503] acc: (-0.2520,-0.0864,1.9963)
[166897220503] gyr: (6.8293,-2.0732,-55.7927)
[166897220503] acc: (-0.2190,-0.0422,2.0088)
[166897220503] gyr: (6.6463,-2.2561,-56.0976)
[166897220505] acc: (-0.1938,0.0422,2.0154)
[166897220505] gyr: (6.8293,-1.2195,-55.8537)
[166897220506] acc: (-0.1643,0.1160,2.0015)
[166897220506] gyr: (6.6463,-2.7439,-55.6098)
[166897220506] acc: (-0.1763,0.1560,2.0120)
[166897220506] gyr: (5.8537,-2.2561,-53.9634)
[166897220508] acc: (-0.1917,0.2681,1.9897)
[166897220508] gyr: (4.9390,-2.3171,-46.0976)
[166897220509] acc: (-0.1902,0.4346,1.9854)
[166897220509] gyr: (1.8902,-2.0122,-32.1951)
[166897220509] mag: (1.8125,-75.3750,0.0000)
[166897220510] acc: (-0.1396,0.5547,1.9873)
[166897220510] gyr: (0.3049,-1.7073,-16.4024)
[166897220511] acc: (-0.0508,0.5422,2.0066)
[166897220511] gyr: (-1.7683,0.7317,-2.5000)
[166897220512] acc: (-0.1870,0.1682,2.0559)
[166897220512] gyr: (-5.6707,-4.3293,-0.7317)
[166897220512] acc: (-0.2319,-0.0010,2.0698)
[166897220512] gyr: (-9.2683,-4.5732,-0.9756)
[166897220513] acc: (-0.1836,0.0962,2.0381)
[166897220514] gyr: (-13.9634,-5.2439,0.9756)
[166897220515] acc: (-0.1238,0.2209,2.0483)
[166897220515] gyr: (-16.4024,-5.6098,8.1098)
[166897220515] acc: (-0.0120,0.3855,2.0178)
[166897220515] gyr: (-17.5610,-4.5732,21.1585)
[166897220516] acc: (0.0774,0.4255,1.9292)
[166897220516] gyr: (-10.0000,-2.5610,34.0854)
[166897220518] acc: (0.0232,0.2964,1.8953)
[166897220518] gyr: (-0.7927,3.5366,45.2439)
[166897220518] acc: (0.0054,0.2896,1.8940)
[166897220518] gyr: (7.8049,8.0488,52.6220)
[166897220519] mag: (2.1250,-75.7500,1.5000)
[166897220520] acc: (-0.0759,0.2336,2.0061)
[166897220520] gyr: (7.6220,8.4146,57.5000)
[166897220521] acc: (-0.1907,0.0754,2.1196)
[166897220521] gyr: (-0.6707,3.4146,56.4024)
[166897220521] acc: (-0.2700,-0.0251,2.0901)
[166897220521] gyr: (-2.7439,2.8049,55.0610)
[166897220522] acc: (-0.3015,-0.0942,1.9692)
[166897220522] gyr: (-3.6585,3.3537,52.0122)
[166897220524] acc: (-0.3596,-0.1838,1.9778)
[166897220524] gyr: (-4.6341,3.0488,46.7073)
[166897220524] acc: (-0.3770,-0.2407,2.0181)
[166897220524] gyr: (-2.2561,0.9756,40.7927)
[166897220525] acc: (-0.4043,-0.2610,2.0066)
[166897220525] gyr: (-3.8415,1.3415,34.8780)
[166897220527] acc: (-0.4329,-0.3560,1.9788)
[166897220527] gyr: (-1.4024,0.8537,26.3415)
[166897220527] acc: (-0.4595,-0.4749,1.9937)
[166897220527] gyr: (-0.7927,-0.1829,10.7317)
[166897220528] acc: (-0.2812,-0.2866,2.0002)
[166897220528] gyr: (1.9512,2.2561,0.5488)
[166897220530] acc: (-0.1582,0.0361,1.9797)
[166897220530] gyr: (7.4390,1.4024,0.7317)
[166897220530] mag: (2.5000,-76.5000,0.0000)
[166897220531] acc: (-0.2219,0.0164,2.0034)
[166897220531] gyr: (5.2439,1.9512,0.5488)
[166897220532] acc: (-0.2515,-0.0676,2.0259)
[166897220532] gyr: (7.4390,1.7683,-0.2439)
[166897220533] acc: (-0.3352,-0.1519,2.0083)
[166897220533] gyr: (5.4878,1.0366,-3.0488)
[166897220533] acc: (-0.3484,-0.3962,2.0522)
[166897220533] gyr: (3.9024,-1.4634,-16.5854)
[166897220534] acc: (-0.3240,-0.5364,2.0166)
[166897220534] gyr: (4.5122,-1.4024,-32.9878)
[166897220536] acc: (-0.2915,-0.4016,2.0298)
[166897220536] gyr: (5.9146,-2.8049,-45.2439)
[166897220536] acc: (-0.2439,-0.2134,2.0217)
[166897220536] gyr: (6.5854,-2.5610,-52.6829)
[166897220537] acc: (-0.1990,-0.0950,1.9932)
[166897220537] gyr: (6.5854,-2.8049,-57.7439)
[166897220539] acc: (-0.1643,-0.0574,2.0293)
[166897220539] gyr: (7.1341,-2.0122,-62.0732)
[166897220539] acc: (-0.1821,0.0029,2.0134)
[166897220539] gyr: (7.2561,-3.5976,-64.6951)
[166897220540] mag: (1.8125,-75.0625,0.3750)
[166897220542] acc: (-0.1892,0.1511,2.0015)
[166897220542] gyr: (7.1341,-3.0488,-61.3415)
[166897220542] acc: (-0.1897,0.3230,1.9934)
[166897220542] gyr: (3.7805,-2.2561,-51.3415)
[166897220543] acc: (-0.1763,0.5215,1.9873)
[166897220543] gyr: (3.7805,-1.5854,-34.8780)
[166897220544] acc: (-0.1321,0.6243,1.9741)
[166897220544] gyr: (0.0610,-0.4268,-18.0488)
[166897220545] acc: (-0.0894,0.5500,1.9939)
[166897220545] gyr: (0.4878,-0.8537,-5.1829)
[166897220545] acc: (-0.1396,0.2742,2.0369)
[166897220545] gyr: (-5.9756,-1.2195,-0.1829)
[166897220546] acc: (-0.2324,-0.0107,2.0557)
[166897220546] gyr: (-7.0732,-3.7805,-0.1829)
[166897220548] acc: (-0.2092,0.0276,2.0281)
[166897220548] gyr: (-8.7195,-3.9634,-0.7317)
[166897220548] acc: (-0.1868,0.0857,2.0271)
[166897220548] gyr: (-11.0976,-4.6341,1.2195)
[166897220549] acc: (-0.1558,0.1877,2.0364)
[166897220549] gyr: (-12.6220,-5.9146,7.9268)
[166897220550] mag: (1.4375,-74.3125,0.7500)
[166897220551] acc: (-0.1006,0.2866,2.0200)
[166897220551] gyr: (-13.9634,-4.1463,19.8780)
[166897220552] acc: (-0.0583,0.3218,1.9446)
[166897220552] gyr: (-9.5732,-2.0732,33.5366)
[166897220553] acc: (-0.0767,0.2231,1.9009)
[166897220553] gyr: (-2.0732,3.0488,44.1463)
[166897220554] acc: (-0.0916,0.1526,1.9307)
[999999999999]
