[166894149005] mag: (-0.3750,-81.9375,-7.5000)
[166894149007] gyr: (-2.5610,-1.4634,3.2317)
[166894149008] acc: (-0.2944,0.1880,1.9727)
[166894149008] gyr: (0.9756,-3.7805,4.2073)
[166894149009] acc: (-0.2571,0.1416,1.9324)
[166894149009] gyr: (-4.9390,-2.9268,-1.1585)
[166894149009] acc: (-0.2637,0.0359,2.0176)
[166894149011] gyr: (-0.4878,-3.9634,-1.0976)
[166894149011] acc: (-0.2539,0.1165,2.0144)
[166894149012] gyr: (-3.4146,-7.0732,-3.1098)
[166894149012] acc: (-0.3149,0.3259,1.9546)
[166894149012] gyr: (-1.2195,-4.6951,-8.5976)
[166894149012] acc: (-0.3599,0.4509,2.0012)
[166894149013] gyr: (-1.4634,-2.6829,-19.8171)
[166894149014] acc: (-0.3857,0.4363,1.9854)
[166894149014] gyr: (-2.0732,-0.6707,-30.5488)
[166894149015] acc: (-0.3625,0.2773,1.9695)
[166894149015] gyr: (-4.4512,3.7805,-35.2439)
[166894149015] mag: (-0.7500,-81.5625,-6.7500)
[166894149016] acc: (-0.2998,0.3069,1.9768)
[166894149016] gyr: (-2.1341,-1.4024,-40.1829)
[166894149017] acc: (-0.3459,0.3989,1.9612)
[166894149017] gyr: (-0.3659,-0.3049,-45.1220)
[166894149018] acc: (-0.3745,0.3870,1.8962)
[166894149018] gyr: (6.5244,-6.0976,-47.8049)
[166894149018] acc: (-0.2961,0.1528,1.9082)
[166894149018] gyr: (4.3293,-5.9146,-47.7439)
[166894149020] acc: (-0.2043,-0.1106,2.0535)
[166894149020] gyr: (7.8659,-6.3415,-41.9512)
[166894149021] acc: (-0.1167,-0.1919,2.0791)
[166894149021] gyr: (8.4146,-2.8659,-34.6951)
[166894149021] acc: (-0.1101,-0.2437,2.0667)
[166894149021] gyr: (8.2317,-2.9268,-26.5854)
[166894149023] acc: (-0.1001,-0.3020,2.0493)
[166894149023] gyr: (7.0732,-2.3780,-18.1707)
[166894149024] acc: (-0.1074,-0.3381,2.0283)
[166894149024] gyr: (1.3415,-2.7439,-9.9390)
[166894149024] acc: (-0.1304,-0.3020,2.0605)
[166894149024] gyr: (-3.0488,-2.1951,-1.7683)
[166894149025] mag: (-2.1875,-80.4375,-6.7500)
[166894149026] acc: (-0.2390,-0.0076,2.0486)
[166894149026] gyr: (0.7317,0.5488,0.9146)
[166894149027] acc: (-0.2566,0.0964,2.0579)
[166894149027] gyr: (4.8780,3.8415,1.5854)
[166894149027] acc: (-0.2617,0.0159,2.0149)
[166894149027] gyr: (11.2195,1.4634,4.4512)
[166894149029] acc: (-0.2690,0.0132,1.9285)
[166894149029] gyr: (14.5732,-1.1585,6.8293)
[166894149030] acc: (-0.2649,0.0356,2.0210)
[166894149030] gyr: (16.0976,0.9756,8.9024)
[166894149030] acc: (-0.2400,-0.0037,2.1416)
[166894149030] gyr: (22.3171,0.7927,11.7073)
[166894149032] acc: (-0.2083,-0.0686,2.0330)
[166894149032] gyr: (19.0854,5.9756,15.8537)
[166894149033] acc: (-0.2148,-0.0530,1.9773)
[166894149033] gyr: (12.5000,2.0122,17.5000)
[166894149033] acc: (-0.2102,-0.0903,1.8818)
[166894149033] gyr: (0.4268,-1.2805,22.1341)
[166894149035] acc: (-0.1892,-0.1216,1.8401)
[166894149035] gyr: (-6.8902,-7.4390,26.8902)
[166894149036] mag: (-2.1875,-81.5625,-7.1250)
[166894149036] acc: (-0.1963,-0.0225,1.8833)
[166894149036] gyr: (-8.5976,-16.7073,29.0244)
[166894149037] acc: (-0.2366,0.1001,1.8699)
[166894149037] gyr: (-4.1463,-28.9024,27.3780)
[166894149038] acc: (-0.2610,0.1233,1.8958)
[166894149038] gyr: (9.4512,-36.5854,23.1098)
[166894149039] acc: (-0.2656,0.2683,2.0830)
[166894149039] gyr: (16.5854,-36.2805,15.3659)
[166894149039] acc: (-0.2439,0.3833,2.1826)
[166894149039] gyr: (22.2561,-26.2805,5.3049)
[166894149041] acc: (-0.2104,0.3091,1.9900)
[166894149041] gyr: (24.1463,-38.1098,-8.4146)
[166894149042] acc: (-0.1799,0.2883,1.9102)
[166894149042] gyr: (-7.0122,-31.0976,-26.8293)
[166894149042] acc: (-0.1750,0.0017,2.2971)
[166894149042] gyr: (-13.5976,-18.5976,-29.1463)
[166894149044] acc: (-0.2366,0.1057,2.0027)
[166894149044] gyr: (-12.9878,-17.2561,-16.8902)
[166894149045] acc: (-0.1716,0.0930,1.8625)
[166894149045] gyr: (-20.9756,-3.6585,0.1220)
[166894149045] mag: (-2.5625,-81.5625,-8.2500)
[166894149046] acc: (-0.0706,0.1479,2.1021)
[166894149046] gyr: (-8.2927,2.8049,14.6951)
[166894149047] acc: (-0.2505,0.5322,2.0867)
[166894149047] gyr: (1.5854,6.3415,13.2317)
[166894149048] acc: (-0.2710,0.3418,1.9875)
[166894149048] gyr: (-0.3659,6.4634,21.0366)
[166894149048] acc: (-0.2893,0.2744,1.8071)
[166894149048] gyr: (-17.1341,-4.0244,22.7439)
[166894149050] acc: (-0.2708,0.2637,1.8591)
[166894149050] gyr: (-36.6463,-17.6829,26.2195)
[166894149051] acc: (-0.1638,0.2783,2.1792)
[166894149051] gyr: (-17.2561,8.2927,25.1829)
[166894149054] acc: (-0.1851,0.3328,2.1016)
[166894149054] gyr: (-5.0000,0.1220,25.0000)
[166894149054] acc: (-0.2112,0.4189,1.8584)
[166894149054] gyr: (-8.3537,2.0732,24.2683)
[166894149055] acc: (-0.1621,0.2654,1.9634)
[166894149055] gyr: (-10.3659,4.0244,23.0488)
[166894149056] acc: (-0.1636,0.2053,2.0337)
[166894149056] gyr: (-2.1341,1.8293,18.6585)
[166894149057] acc: (-0.2100,0.2432,1.9268)
[166894149057] gyr: (11.0366,1.7073,13.2317)
[166894149057] mag: (-2.9375,-81.5625,-8.6250)
[166894149058] acc: (-0.2036,0.2175,2.0239)
[166894149058] gyr: (-1.5244,1.0976,6.7073)
[166894149059] acc: (-0.2463,0.3237,2.0322)
[166894149059] gyr: (-0.5488,-2.0732,-0.6707)
[166894149060] acc: (-0.3657,0.4258,1.9182)
[166894149060] gyr: (1.7683,-1.4024,-11.9512)
[166894149060] acc: (-0.3630,0.2959,1.9666)
[166894149060] gyr: (4.0244,-0.7927,-24.1463)
[166894149061] acc: (-0.1663,0.0591,2.0095)
[166894149062] gyr: (9.6951,0.2439,-26.9512)
[166894149062] acc: (-0.0315,-0.1724,2.0461)
[166894149063] gyr: (9.4512,-2.1951,-24.6341)
[166894149063] acc: (0.0471,-0.4299,2.0989)
[166894149063] gyr: (12.5000,-1.5854,-17.4390)
[166894149063] acc: (0.0894,-0.6946,2.1104)
[166894149064] gyr: (10.3659,-1.5244,-5.1829)
[166894149064] acc: (-0.0347,-0.2764,2.0945)
[166894149065] gyr: (8.9024,-1.9512,-2.5000)
[166894149066] acc: (-0.2417,0.0273,1.9846)
[166894149066] gyr: (-1.2195,0.1220,-10.7927)
[166894149066] mag: (-3.3125,-82.2500,-7.5000)
[166894149067] acc: (-0.1709,-0.1235,2.0178)
[166894149067] gyr: (2.6220,-1.0366,-13.7805)
[166894149068] acc: (-0.0920,-0.3228,2.0933)
[166894149068] gyr: (2.8049,-1.5854,-8.2927)
[166894149069] acc: (0.0322,-0.4214,2.0615)
[166894149069] gyr: (-2.6220,0.3659,-0.7927)
[166894149069] acc: (0.0920,-0.3362,2.0737)
[166894149069] gyr: (-4.0244,1.4634,12.6220)
[166894149070] acc: (0.0837,-0.1868,2.1106)
[166894149070] gyr: (-4.4512,2.1341,23.7805)
[166894149072] acc: (-0.0095,-0.0132,2.0378)
[166894149072] gyr: (-6.9512,1.5854,30.5488)
[166894149073] acc: (-0.1069,0.1729,2.0081)
[166894149073] gyr: (-5.8537,2.4390,31.7073)
[166894149074] acc: (-0.1824,0.1697,2.0193)
[166894149074] gyr: (-7.8049,5.4268,29.7561)
[166894149075] acc: (-0.1990,0.2383,2.0479)
[166894149075] gyr: (-3.5976,15.3659,29.9390)
[166894149075] acc: (-0.1587,0.3076,2.0637)
[166894149075] gyr: (9.2073,14.8780,29.6951)
[166894149076] mag: (-3.6875,-80.8125,-8.2500)
[166894149077] acc: (-0.2112,0.2954,1.8992)
[166894149077] gyr: (3.9024,11.5244,28.5976)
[166894149078] acc: (-0.3562,0.4805,1.8713)
[166894149078] gyr: (0.5488,8.9024,25.2439)
[166894149078] acc: (-0.4536,0.6445,1.9160)
[166894149078] gyr: (-1.5854,2.8049,16.6463)
[166894149079] acc: (-0.4878,0.7292,1.8403)
[166894149079] gyr: (-6.2195,-1.4024,7.0732)
[166894149081] acc: (-0.3696,0.5767,1.8694)
[166894149081] gyr: (-10.0610,-13.6585,0.5488)
[166894149081] acc: (-0.1560,0.1160,2.0723)
[166894149081] gyr: (-11.0976,-6.6463,2.4390)
[166894149082] acc: (-0.1641,0.1365,2.0339)
[166894149082] gyr: (-10.9146,-8.8415,4.8171)
[166894149084] acc: (-0.1587,0.3105,1.9500)
[166894149084] gyr: (-7.0732,-3.1098,8.1098)
[166894149084] acc: (-0.1763,0.3242,1.9966)
[166894149084] gyr: (-7.7439,-3.7805,8.1707)
[166894149086] acc: (-0.2590,0.4045,1.9492)
[166894149086] gyr: (-5.1829,-3.9634,5.9756)
[166894149087] mag: (-2.1875,-81.1875,-9.3750)
[166894149087] acc: (-0.3516,0.4280,1.9241)
[166894149087] gyr: (-2.9878,-4.3902,-0.3659)
[166894149088] acc: (-0.3535,0.4329,1.9336)
[166894149088] gyr: (-1.5854,-4.1463,-5.7927)
[166894149089] acc: (-0.3408,0.5935,1.9360)
[166894149089] gyr: (0.0000,-8.4146,-14.2073)
[166894149090] acc: (-0.4106,0.5461,1.9712)
[166894149090] gyr: (8.3537,1.7073,-23.9024)
[166894149090] acc: (-0.4565,0.3875,1.9536)
[166894149090] gyr: (15.6098,-2.5000,-36.9512)
[166894149091] acc: (-0.3342,0.3333,1.9680)
[166894149091] gyr: (15.3659,-0.4268,-45.8537)
[166894149093] acc: (-0.2278,0.2107,2.0405)
[166894149093] gyr: (22.4390,-3.7195,-49.8171)
[166894149093] acc: (-0.1221,-0.0667,2.0151)
[166894149093] gyr: (16.5854,-2.0732,-45.7927)
[166894149094] acc: (0.0435,-0.3127,2.0820)
[166894149094] gyr: (17.8049,-0.3659,-36.2805)
[166894149095] acc: (0.0500,-0.4319,2.1077)
[166894149096] gyr: (18.1098,-0.9756,-27.7439)
[166894149096] mag: (-3.6875,-82.6250,-8.6250)
[166894149097] acc: (0.1860,-0.6165,2.1272)
[166894149097] gyr: (16.3415,-2.4390,-16.5244)
[166894149098] acc: (0.3198,-0.8296,2.1887)
[166894149098] gyr: (10.6098,-2.6829,-5.4268)
[166894149099] acc: (0.0466,-0.2788,2.1628)
[166894149099] gyr: (11.4024,-1.5854,-8.2317)
[166894149099] acc: (-0.2371,-0.2253,1.9412)
[166894149099] gyr: (-1.4024,-3.1707,-20.0610)
[166894149100] acc: (-0.0957,-0.5530,1.9106)
[166894149100] gyr: (-15.4878,3.7805,-12.5000)
