0PP
[167127451957] acc: (-0.8313,-2.0562,0.2930)
[167127451958] acc: (-0.7705,-1.9700,0.3240)
[167127451958] acc: (-0.9490,-1.7542,0.3562)
[167127451960] acc: (-1.1541,-1.7888,0.4299)
[167127451960] acc: (-1.3857,-1.9089,0.6917)
[167127451961] acc: (-1.4116,-1.8855,0.9993)
[167127451962] acc: (-1.5505,-2.0806,1.3389)
[167127451963] acc: (-1.6438,-2.0396,1.8958)
[167127451964] acc: (-1.6069,-1.5637,1.2017)
[167127451965] acc: (-1.6094,-1.6182,0.2422)
[167127451966] acc: (-1.3442,-1.2280,0.3220)
[167127451967] acc: (-1.3450,-1.1709,0.6733)
[167127451968] acc: (-1.4004,-1.0588,0.5903)
[167127451969] acc: (-1.4680,-0.9722,0.0959)
[167127451970] acc: (-1.2292,-0.9976,0.6377)
[167127451971] acc: (-0.9729,-1.1277,0.8472)
[167127451972] acc: (-1.0430,-1.0752,0.6025)
[167127451973] acc: (-1.3159,-1.1040,0.5359)
[167127451973] acc: (-1.5645,-1.2593,0.4019)
[167127451975] acc: (-1.3804,-1.2163,0.6921)
[167127451976] acc: (-1.2949,-1.2402,0.6677)
[167127451976] acc: (-1.2524,-1.2136,0.7087)
[167127451978] acc: (-1.4392,-1.3728,0.6731)
[167127451979] acc: (-1.4172,-1.3562,0.4575)
[167127451979] acc: (-1.2493,-1.6021,0.5439)
[167127451981] acc: (-1.1484,-1.5654,0.8386)
[167127451982] acc: (-0.3367,-1.4509,2.1782)
[167127451982] acc: (-0.9299,-1.7878,1.9019)
[167127451984] acc: (-1.2297,-2.2781,0.6663)
[167127451985] acc: (-0.7361,-1.9417,0.5857)
[167127451985] acc: (-1.0845,-1.8123,0.8315)
[167127451987] acc: (-1.4995,-1.3442,1.2512)
[167127451988] acc: (-1.7539,-1.2893,1.1184)
[167127451988] acc: (-1.7361,-1.4653,0.8074)
[167127451990] acc: (-1.6943,-1.3264,0.6470)
[167127451991] acc: (-1.8203,-1.2463,0.7710)
[167127451991] acc: (-1.9668,-1.2664,0.8108)
[167127451993] acc: (-2.2122,-1.2151,0.5732)
[167127451994] acc: (-2.3064,-1.2783,0.4648)
[167127451994] acc: (-2.1860,-1.2883,0.5522)
[167127451996] acc: (-2.1086,-1.2153,0.5996)
[167127451997] acc: (-2.1047,-1.1575,0.5300)
[167127451997] acc: (-1.8643,-0.9790,0.3591)
[167127451999] acc: (-1.5332,-0.8865,0.3970)
[167127452000] acc: (-1.3044,-0.9468,0.8118)
[167127452000] acc: (-1.2686,-0.9553,1.4543)
[167127452001] acc: (-1.4993,-1.1306,1.0576)
[167127452003] acc: (-1.3418,-1.3840,0.8345)
[167127452003] acc: (-1.2798,-1.2251,1.0698)
[167127452004] acc: (-1.2585,-1.1819,1.3030)
[167127452006] acc: (-1.2334,-1.2261,1.0737)
[167127452006] acc: (-1.1714,-1.2690,0.8979)
[167127452008] acc: (-1.2185,-1.2642,1.1003)
[167127452009] acc: (-1.2656,-1.2930,1.2087)
[167127452009] acc: (-1.1323,-1.3586,1.0500)
[167127452010] acc: (-0.9065,-1.2039,1.0562)
[167127452011] acc: (-0.7637,-1.0474,1.0437)
[167127452012] acc: (-0.7036,-1.0930,0.8982)
[167127452013] acc: (-1.1833,-1.1426,0.7988)
[167127452015] acc: (-1.4001,-1.0254,0.7603)
[167127452016] acc: (-1.0635,-0.9790,0.6392)
[167127452017] acc: (-0.7263,-0.7542,0.6738)
[167127452017] acc: (-0.4377,-0.5879,0.7524)
[167127452018] acc: (-0.4331,-0.6895,0.6985)
[167127452019] acc: (-0.4453,-0.9480,0.6355)
[167127452021] acc: (-0.2688,-0.9597,0.7295)
[167127452021] acc: (-0.0305,-0.8870,0.8455)
[167127452022] acc: (0.0369,-0.9397,0.7573)
[167127452024] acc: (-0.0994,-0.9058,0.6985)
[167127452024] acc: (-0.5938,-0.7917,0.7332)
[167127452025] acc: (-0.9773,-0.9785,0.6477)
[167127452027] acc: (-1.0015,-1.0571,0.4937)
[167127452027] acc: (-0.8408,-0.8047,0.6077)
[167127452028] acc: (-0.7231,-0.6736,0.6951)
[167127452029] acc: (-0.7437,-0.7712,0.5942)
[167127452030] acc: (-0.8862,-0.8083,0.5527)
[167127452032] acc: (-1.0720,-0.8333,0.7239)
[167127452032] acc: (-1.3101,-0.8342,0.9553)
[167127452033] acc: (-1.2266,-1.1968,1.8145)
[167127452034] acc: (-1.1577,-0.9170,1.4868)
[167127452035] acc: (-1.3582,-1.0068,1.1196)
[167127452036] acc: (-1.7375,-1.0442,0.9915)
[167127452037] acc: (-1.8408,-0.9866,1.0730)
[167127452038] acc: (-1.8884,-0.9663,1.0339)
[167127452040] acc: (-1.9934,-0.9817,1.0061)
[167127452040] acc: (-2.0862,-1.0005,1.1135)
[167127452041] acc: (-2.1362,-0.9614,1.1392)
[167127452042] acc: (-2.0559,-1.0674,1.1587)
[167127452043] acc: (-1.9614,-1.1094,1.0947)
[167127452044] acc: (-1.9109,-1.0437,1.0042)
[167127452045] acc: (-1.8931,-1.0598,0.8918)
[167127452047] acc: (-1.9207,-1.0813,0.8179)
[167127452047] acc: (-2.0198,-1.1304,0.8328)
[167127452048] acc: (-2.1421,-1.0427,0.8958)
[167127452049] acc: (-2.1326,-0.9370,0.9473)
[167127452050] acc: (-2.0835,-0.8960,0.9341)
[167127452051] acc: (-2.0693,-0.7783,0.9194)
[167127452052] acc: (-2.0117,-0.7024,0.8101)
[167127452053] acc: (-1.9351,-0.7615,0.6565)
[167127452054] acc: (-1.9072,-0.9224,0.6448)
[167127452055] acc: (-2.0195,-1.0725,0.5759)
[167127452056] acc: (-2.1365,-1.2283,0.3828)
[167127452057] acc: (-2.3188,-1.4158,0.2830)
[167127452058] acc: (-2.4463,-1.5569,0.2202)
[167127452059] acc: (-2.5754,-1.6577,0.1062)
[167127452060] acc: (-2.4587,-1.8506,0.0867)
[167127452061] acc: (-2.2046,-1.8965,0.0813)
[167127452062] acc: (-2.4805,-1.8411,0.1873)
[167127452063] acc: (-2.6006,-1.9099,0.1565)
[167127452064] acc: (-2.3582,-1.8669,0.1863)
[167127452065] acc: (-2.1846,-1.7117,0.2791)
[167127452066] acc: (-2.2822,-1.6653,0.2017)
[167127452067] acc: (-2.3108,-1.6418,0.1519)
[167127452068] acc: (-2.1697,-1.5676,0.1978)
[167127452069] acc: (-2.0183,-1.5100,0.2104)
[167127452070] acc: (-1.9614,-1.4417,0.1985)
[167127452071] acc: (-1.9065,-1.4155,0.2046)
[167127452072] acc: (-1.8245,-1.3340,0.1829)
[167127452073] acc: (-1.6541,-1.4304,0.1292)
[167127452074] acc: (-1.5596,-1.4219,0.3811)
[167127452075] acc: (-1.5298,-1.1995,0.5488)
[167127452076] acc: (-1.5955,-1.3125,0.3613)
[167127452077] acc: (-1.7053,-1.3022,0.2815)
[167127452078] acc: (-1.5071,-1.0903,0.3967)
[167127452079] acc: (-1.1521,-0.8167,0.4600)
[167127452080] acc: (-0.9775,-0.7102,0.5122)
[167127452081] acc: (-0.9673,-0.6948,0.5862)
[167127452082] acc: (-0.9016,-0.7720,0.5767)
[167127452083] acc: (-0.7969,-0.7485,0.5103)
[167127452084] acc: (-0.7283,-0.6423,0.4761)
[167127452084] acc: (-0.6431,-0.6968,0.3877)
[167127452086] acc: (-0.6184,-0.7231,0.2549)
[167127452087] acc: (-0.4771,-0.8057,0.2390)
[167127452087] acc: (-0.2534,-0.9321,0.2651)
[167127452089] acc: (-0.0881,-0.9028,0.2947)
[167127452090] acc: (0.0010,-0.9189,0.4656)
[167127452090] acc: (-0.1633,-0.8699,0.5471)
[167127452092] acc: (-0.3059,-0.9788,0.6052)
[167127452093] acc: (-0.6179,-1.1504,0.3804)
[167127452093] acc: (-0.7463,-1.1362,0.3286)
[167127452095] acc: (-0.6453,-0.9214,0.5056)
[167127452095] acc: (-0.5674,-0.8462,0.5042)
[167127452096] acc: (-0.6914,-0.8467,0.4167)
[167127452098] acc: (-0.8562,-0.8040,0.4883)
[167127452099] acc: (-1.0117,-0.8267,0.5195)
[167127452099] acc: (-1.1956,-0.8877,0.4800)
[167127452101] acc: (-1.5215,-0.8801,0.5894)
[167127452102] acc: (-1.6582,-0.8691,1.0547)
[167127452102] acc: (-1.8250,-0.7788,0.9143)
[167127452104] acc: (-1.4663,-1.0088,0.8955)
[167127452105] acc: (-1.3706,-0.9956,0.9949)
[167127452105] acc: (-1.5752,-1.0105,0.7637)
[167127452107] acc: (-1.8516,-1.0498,0.6194)
[167127452108] acc: (-2.0449,-1.0645,0.7852)
[167127452108] acc: (-2.1372,-1.1265,0.7966)
[167127452110] acc: (-2.1362,-1.2107,0.8147)
[167127452111] acc: (-2.1387,-1.1624,0.8369)
[167127452111] acc: (-2.1787,-1.3254,0.7546)
[167127452112] acc: (-2.1611,-1.4331,0.8215)
[167127452114] acc: (-2.1655,-1.4866,0.8608)
[167127452114] acc: (-2.2283,-1.5339,0.8276)
[167127452115] acc: (-2.2249,-1.5229,0.8303)
[167127452117] acc: (-2.1582,-1.4736,0.7700)
[167127452117] acc: (-2.0925,-1.4033,0.7222)
[167127452118] acc: (-2.0686,-1.3582,0.6853)
[167127452120] acc: (-2.0503,-1.3435,0.6184)
[167127452120] acc: (-2.0679,-1.2910,0.5610)
[167127452121] acc: (-2.1206,-1.2712,0.4841)
[167127452123] acc: (-2.1216,-1.2690,0.4529)
[167127452124] acc: (-2.1157,-1.2466,0.4358)
[167127452124] acc: (-2.1697,-1.2058,0.3899)
[167127452126] acc: (-2.2241,-1.2058,0.3486)
[167127452126] acc: (-2.2251,-1.2388,0.3691)
[167127452127] acc: (-2.1792,-1.2629,0.3679)
[167127452129] acc: (-2.1147,-1.2781,0.3889)
[167127452129] acc: (-2.1199,-1.2893,0.3408)
[167127452130] acc: (-2.1611,-1.3379,0.2976)
[167127452132] acc: (-2.1951,-1.4246,0.2744)
[167127452132] acc: (-2.2100,-1.5068,0.2554)
[167127452133] acc: (-2.2068,-1.6077,0.2432)
[167127452135] acc: (-2.1946,-1.6140,0.2122)
[167127452135] acc: (-1.9756,-1.4871,0.2126)
[167127452136] acc: (-2.2458,-1.7446,0.5520)
[167127452137] acc: (-2.5283,-1.9304,0.3396)
[167127452138] acc: (-2.1812,-1.7314,0.3440)
[167127452139] acc: (-1.9414,-1.6895,0.4263)
[167127452141] acc: (-1.7932,-1.6062,0.3491)
[167127452141] acc: (-1.5962,-1.4868,0.3955)
[167127452142] acc: (-1.4094,-1.3318,0.3789)
[167127452143] acc: (-1.2600,-1.1331,0.3711)
[167127452144] acc: (-1.0737,-0.9683,0.4294)
[167127452145] acc: (-0.9578,-0.8394,0.4463)
[167127452146] acc: (-0.7310,-0.9290,0.3442)
[167127452147] acc: (-0.6985,-0.9248,0.3982)
[167127452148] acc: (-0.7422,-0.9021,0.3660)
[167127452149] acc: (-0.8181,-0.9246,0.4028)
[167127452150] acc: (-0.9087,-0.9233,0.4355)
[167127452151] acc: (-0.9204,-0.9360,0.3818)
[167127452152] acc: (-0.8616,-0.8984,0.4399)
[167127452153] acc: (-0.7717,-0.8638,0.4329)
[167127452155] acc: (-0.7102,-0.8047,0.4316)
[167127452155] acc: (-0.6868,-0.7590,0.4263)
[167127452156] acc: (-0.7153,-0.7676,0.4209)
[167127452157] acc: (-0.7715,-0.7764,0.4546)
[167127452158] acc: (-0.8083,-0.7656,0.4612)
[167127452159] acc: (-0.8467,-0.7625,0.4590)
[167127452161] acc: (-0.8972,-0.7642,0.4683)
[167127452161] acc: (-0.9983,-0.7317,0.5178)
[167127452162] acc: (-0.8186,-0.8767,0.9412)
[167127452163] acc: (-0.7549,-0.9561,0.9939)
[167127452164] acc: (-0.7637,-1.0171,0.6536)
[167127452165] acc: (-0.7517,-0.8425,0.7847)
[167127452166] acc: (-0.9292,-0.9299,0.7000)
[167127452167] acc: (-1.1785,-0.9824,0.6133)
[167127452168] acc: (-1.3572,-0.9668,0.5894)
[167127452169] acc: (-1.4978,-0.9409,0.5967)
[167127452170] acc: (-1.6780,-0.9385,0.6926)
[167127452171] acc: (-1.8804,-0.9775,0.7144)
[167127452172] acc: (-2.0190,-0.9973,0.7312)
[167127452173] acc: (-2.0515,-1.0386,0.7773)
[167127452174] acc: (-2.0049,-1.1099,0.8115)
[167127452175] acc: (-1.9248,-1.1396,0.8508)
[167127452176] acc: (-1.8142,-1.1331,0.9397)
[167127452177] acc: (-1.7458,-1.0439,0.9102)
[167127452178] acc: (-1.7764,-0.9270,0.8210)
[167127452179] acc: (-1.8586,-0.8081,0.7834)
[167127452180] acc: (-1.9546,-0.7886,0.7122)
[167127452183] acc: (-2.0559,-0.7954,0.6960)
[167127452183] acc: (-2.1382,-0.8044,0.6560)
[167127452183] acc: (-2.2380,-0.8672,0.6343)
[167127452184] acc: (-2.3342,-0.9521,0.6282)
[167127452185] acc: (-2.3552,-1.0513,0.5972)
[167127452186] acc: (-2.3752,-1.1782,0.5540)
[167127452187] acc: (-2.3987,-1.3364,0.5232)
[167127452188] acc: (-2.3757,-1.4487,0.5044)
[167127452189] acc: (-2.3088,-1.5247,0.4890)
[167127452190] acc: (-2.2327,-1.5361,0.4336)
[167127452191] acc: (-2.0964,-1.4341,0.3728)
[167127452192] acc: (-1.7375,-1.2083,0.3350)
[167127452192] acc: (-2.0242,-1.4048,0.3721)
[167127452194] acc: (-2.2039,-1.5562,0.2979)
[167127452195] acc: (-1.9543,-1.3845,0.1653)
[167127452195] acc: (-2.3601,-1.5793,0.1313)
[167127452197] acc: (-2.6306,-1.7278,0.2085)
[167127452198] acc: (-2.4646,-1.6689,0.1926)
[167127452198] acc: (-2.2280,-1.5325,0.1702)
[167127452200] acc: (-2.1187,-1.4543,0.1084)
[167127452201] acc: (-2.0217,-1.3801,0.1306)
[167127452201] acc: (-1.8345,-1.3281,0.1655)
[167127452203] acc: (-1.6492,-1.2612,0.1887)
[167127452204] acc: (-1.5552,-1.2134,0.1882)
[167127452204] acc: (-1.5510,-1.2070,0.2017)
[167127452206] acc: (-1.5425,-1.2197,0.2197)
[167127452207] acc: (-1.5190,-1.2083,0.2544)
[167127452207] acc: (-1.4690,-1.1560,0.2378)
[167127452209] acc: (-1.3843,-1.0864,0.2249)
[167127452210] acc: (-1.3044,-1.0254,0.2363)
[167127452210] acc: (-1.2610,-0.9951,0.2510)
[167127452212] acc: (-1.2188,-0.9749,0.2698)
[167127452213] acc: (-1.2087,-0.9680,0.2710)
[167127452213] acc: (-1.1855,-0.9536,0.2932)
[167127452215] acc: (-1.1414,-0.9348,0.2952)
[167127452216] acc: (-1.0972,-0.8865,0.3013)
[167127452216] acc: (-1.0608,-0.8369,0.2969)
[167127452218] acc: (-1.0256,-0.7910,0.3135)
[167127452219] acc: (-0.9844,-0.7566,0.3376)
[167127452219] acc: (-0.9727,-0.7217,0.3499)
[167127452220] acc: (-1.0046,-0.6990,0.3662)
[167127452222] acc: (-1.0984,-0.7063,0.3669)
[167127452222] acc: (-1.2427,-0.7354,0.3762)
[167127452223] acc: (-1.3638,-0.7424,0.3975)
[167127452225] acc: (-1.4419,-0.7214,0.3923)
[167127452225] acc: (-1.5122,-0.6938,0.3762)
[167127452226] acc: (-1.6294,-0.6992,0.3687)
[167127452228] acc: (-1.7842,-0.7351,0.3953)
[167127452228] acc: (-1.8757,-0.7585,0.4231)
[167127452229] acc: (-1.8987,-0.7275,0.4224)
[167127452231] acc: (-1.9185,-0.6807,0.3936)
[167127452231] acc: (-1.9836,-0.6196,0.4568)
[167127452232] acc: (-2.0942,-0.5825,0.6675)
[167127452234] acc: (-1.9807,-0.7510,0.5452)
[167127452234] acc: (-1.8918,-0.7222,0.5808)
[167127452235] acc: (-1.9382,-0.7715,0.5269)
[167127452237] acc: (-1.9780,-0.9395,0.6743)
[167127452237] acc: (-2.1060,-1.0029,0.6484)
[167127452238] acc: (-2.2778,-1.0503,0.7002)
[167127452240] acc: (-2.0767,-1.5107,0.7061)
[167127452240] acc: (-2.0967,-1.3381,0.8899)
[167127452241] acc: (-2.3311,-1.5535,0.8760)
[167127452243] acc: (-2.2478,-1.9148,0.6780)
[167127452244] acc: (-2.0566,-1.7319,0.9114)
[167127452244] acc: (-2.1399,-1.5049,0.8125)
[167127452246] acc: (-2.1465,-1.5347,0.6321)
[167127452246] acc: (-2.0969,-1.5171,0.6274)
[167127452247] acc: (-2.0681,-1.3784,0.4761)
[167127452248] acc: (-2.0222,-1.4104,0.4888)
[167127452249] acc: (-2.0374,-1.3542,0.5876)
[167127452252] acc: (-2.0737,-1.2275,0.5110)
[167127452252] acc: (-2.2478,-1.2947,0.3276)
[167127452252] acc: (-2.3259,-1.3018,0.2195)
[167127452253] acc: (-2.4353,-1.1504,0.1746)
[167127452254] acc: (-2.4446,-1.1584,0.2034)
[167127452255] acc: (-2.4536,-1.3625,0.1108)
[167127452256] acc: (-2.5276,-1.1819,0.2549)
[167127452257] acc: (-2.4446,-1.2168,0.1602)
[167127452258] acc: (-2.2205,-1.3699,0.1194)
[167127452259] acc: (-2.0039,-1.2021,0.4668)
[167127452260] acc: (-1.8376,-1.0933,0.2883)
[167127452261] acc: (-1.7537,-1.1855,0.0129)
[167127452262] acc: (-1.6123,-1.0950,0.1865)
[167127452263] acc: (-1.4622,-1.1472,0.1421)
[167127452264] acc: (-1.4363,-0.7737,0.3052)
[167127452265] acc: (-1.3911,-0.9788,0.1536)
[167127452266] acc: (-1.2588,-0.8694,0.1624)
[167127452267] acc: (-1.3691,-1.0068,0.2466)
[167127452268] acc: (-1.4646,-1.0271,0.3076)
[167127452269] acc: (-1.3672,-0.9675,0.2603)
[167127452270] acc: (-1.1643,-0.8762,0.2368)
[167127452271] acc: (-1.0291,-0.7979,0.2612)
[167127452272] acc: (-1.0051,-0.8057,0.2793)
[167127452273] acc: (-1.0881,-0.8335,0.3071)
[167127452275] acc: (-1.1711,-0.8640,0.3181)
[167127452275] acc: (-1.2327,-0.8684,0.3157)
[167127452276] acc: (-1.2393,-0.8713,0.3364)
[167127452277] acc: (-1.2239,-0.8535,0.3518)
[167127452278] acc: (-1.2122,-0.8203,0.3506)
[167127452279] acc: (-1.2156,-0.7974,0.3521)
[167127452280] acc: (-1.2341,-0.7874,0.3682)
[167127452281] acc: (-1.2834,-0.7871,0.3884)
[167127452282] acc: (-1.3254,-0.7786,0.4014)
[167127452283] acc: (-1.3364,-0.8027,0.4065)
[167127452284] acc: (-1.3962,-0.8152,0.3999)
[167127452285] acc: (-1.4951,-0.8508,0.3870)
[167127452286] acc: (-1.5872,-0.8909,0.3826)
[167127452287] acc: (-1.6912,-0.9521,0.3721)
[167127452288] acc: (-1.8157,-1.0059,0.3604)
[167127452289] acc: (-1.9509,-1.1035,0.4561)
[167127452290] acc: (-2.0964,-1.1484,0.4683)
[167127452291] acc: (-2.0581,-1.2612,0.4224)
[167127452293] acc: (-2.0432,-1.3035,0.4744)
[167127452294] acc: (-2.0181,-1.3262,0.5437)
[167127452294] acc: (-1.9893,-1.3794,0.5232)
[167127452295] acc: (-1.9624,-1.4646,0.5464)
[167127452296] acc: (-2.0410,-1.4451,0.5359)
[167127452297] acc: (-1.8289,-1.5435,0.5867)
[167127452298] acc: (-1.7444,-1.8188,0.5767)
[167127452299] acc: (-1.8887,-1.4727,0.8542)
[167127452300] acc: (-2.0330,-1.4722,0.8416)
[167127452301] acc: (-2.1560,-1.5522,0.4395)
[167127452302] acc: (-2.3477,-1.3323,0.8242)
[167127452303] acc: (-2.7141,-0.5566,1.4944)
[167127452304] acc: (-2.5881,-0.1548,1.3936)
[167127452305] acc: (-2.3242,-0.2214,0.5115)
[167127452306] acc: (-2.1323,-0.8745,0.0464)
[167127452306] acc: (-2.0740,-1.1267,0.4180)
[167127452308] acc: (-2.0337,-0.8435,0.9353)
[167127452309] acc: (-2.1118,-0.9634,0.5576)
[167127452309] acc: (-2.2383,-0.9268,0.1663)
[167127452311] acc: (-2.2747,-0.8862,0.4485)
[167127452312] acc: (-2.3311,-0.9392,0.1514)
[167127452312] acc: (-2.3975,-1.0081,0.2075)
[167127452314] acc: (-2.5090,-1.1528,0.1360)
[167127452315] acc: (-2.4541,-1.0955,0.0818)
[167127452315] acc: (-2.2632,-1.1033,0.2078)
[167127452317] acc: (-2.1926,-1.0127,0.0774)
[167127452318] acc: (-2.0742,-1.0691,0.0295)
[167127452318] acc: (-1.8918,-0.9053,0.2490)
[167127452320] acc: (-1.8684,-0.9438,0.0164)
[167127452321] acc: (-1.6055,-1.0315,0.2239)
[167127452321] acc: (-1.7185,-1.1304,0.1851)
[167127452323] acc: (-1.7327,-1.2461,0.0457)
[167127452324] acc: (-1.7722,-1.0938,0.2725)
[167127452327] acc: (-1.7673,-1.2170,0.2412)
[167127452327] acc: (-1.5938,-1.0989,0.2043)
[167127452327] acc: (-1.4316,-0.9717,0.2202)
[167127452328] acc: (-1.3745,-0.9937,0.1641)
[167127452328] acc: (-1.3752,-0.9751,0.2690)
[167127452330] acc: (-1.3472,-0.9612,0.2632)
[167127452330] acc: (-1.3071,-0.9189,0.2446)
[167127452331] acc: (-1.2842,-0.8708,0.2563)
[167127452333] acc: (-1.2954,-0.8433,0.2871)
[167127452333] acc: (-1.3237,-0.8394,0.2976)
[167127452334] acc: (-1.3450,-0.8164,0.2903)
[167127452336] acc: (-1.3618,-0.7913,0.3093)
[167127452336] acc: (-1.3914,-0.7852,0.3198)
[167127452337] acc: (-1.4180,-0.7783,0.3274)
[167127452339] acc: (-1.4326,-0.7690,0.3318)
[167127452339] acc: (-1.4460,-0.7534,0.3379)
[167127452340] acc: (-1.4644,-0.7373,0.3350)
[167127452342] acc: (-1.5012,-0.7344,0.3308)
[167127452342] acc: (-1.5747,-0.7449,0.3318)
[167127452344] acc: (-1.6685,-0.7620,0.3215)
[167127452345] acc: (-1.7837,-0.7986,0.3118)
[167127452345] acc: (-1.9087,-0.8462,0.3105)
[167127452346] acc: (-1.9824,-0.8733,0.3098)
[167127452348] acc: (-2.0173,-0.9121,0.2817)
[167127452348] acc: (-2.0603,-0.9465,0.2622)
[167127452349] acc: (-2.1216,-0.9893,0.2488)
[167127452351] acc: (-2.1116,-1.0039,0.4414)
[167127452351] acc: (-2.2288,-0.9375,0.4919)
[167127452352] acc: (-2.3572,-1.2512,0.3120)
[167127452354] acc: (-2.4343,-1.2209,0.6062)
[167127452354] acc: (-2.3665,-1.4197,0.5310)
[167127452355] acc: (-1.4734,-1.6833,1.8818)
[167127452357] acc: (-1.8857,-2.1934,0.8660)
[167127452357] acc: (-1.7061,-2.5955,0.2009)
[167127452358] acc: (-1.4458,-2.1511,1.1709)
[167127452360] acc: (-1.7461,-1.7795,1.3464)
[167127452360] acc: (-2.1633,-1.5781,0.5383)
[167127452361] acc: (-2.6367,-1.2358,0.4766)
[167127452362] acc: (-2.8640,-0.8562,0.6843)
[167127452364] acc: (-2.8232,-0.7507,0.4968)
[167127452364] acc: (-2.7178,-0.7500,0.4458)
[167127452366] acc: (-2.6216,-0.6404,0.4905)
[167127452366] acc: (-2.4233,-0.7317,0.3411)
[167127452367] acc: (-2.2468,-0.7483,0.2900)
[167127452368] acc: (-2.0930,-0.7170,0.1965)
[167127452370] acc: (-2.0635,-0.7527,0.0757)
[167127452370] acc: (-1.7454,-0.8198,0.2234)
[167127452371] acc: (-1.2744,-0.9221,0.6777)
[167127452372] acc: (-1.3801,-1.0632,0.5881)
[167127452373] acc: (-1.8787,-1.4111,-0.3298)
[167127452374] acc: (-1.8997,-1.2632,0.3040)
[167127452375] acc: (-1.8579,-1.4438,0.2153)
[167127452376] acc: (-1.6646,-1.0317,0.3630)
[167127452377] acc: (-1.6277,-0.9670,0.0708)
[167127452378] acc: (-1.4458,-1.1658,0.0122)
[167127452379] acc: (-1.3206,-1.0786,0.4270)
[167127452380] acc: (-1.3899,-1.1494,0.2502)
[167127452381] acc: (-1.3184,-1.0010,0.2261)
[167127452382] acc: (-1.3079,-1.0166,0.1987)
[167127452383] acc: (-1.3406,-1.0134,0.1953)
[167127452384] acc: (-1.3472,-0.9265,0.2471)
[167127452385] acc: (-1.3545,-0.8657,0.3069)
[167127452386] acc: (-1.3167,-0.8748,0.2905)
[167127452387] acc: (-1.2454,-0.8284,0.3306)
[167127452388] acc: (-1.2068,-0.8218,0.3250)
[167127452389] acc: (-1.2026,-0.8057,0.3647)
[167127452390] acc: (-1.2661,-0.7786,0.3689)
[167127452391] acc: (-1.3174,-0.8018,0.3352)
[167127452392] acc: (-1.3542,-0.7588,0.3572)
[167127452393] acc: (-1.4214,-0.7441,0.3350)
[167127452395] acc: (-1.5068,-0.7732,0.3232)
[167127452395] acc: (-1.6304,-0.8147,0.3257)
[167127452396] acc: (-1.7725,-0.8801,0.3293)
[167127452397] acc: (-1.9028,-0.9387,0.3264)
[167127452399] acc: (-1.9995,-0.9629,0.3257)
[167127452399] acc: (-2.0981,-0.8718,0.4951)
[167127452400] acc: (-2.1228,-1.0618,0.3469)
[167127452401] acc: (-1.9919,-1.1792,0.4246)
[167127452402] acc: (-2.0444,-1.0601,0.5845)
[167127452403] acc: (-2.1375,-1.2388,0.4087)
[167127452404] acc: (-1.6970,-1.1787,1.4653)
[167127452405] acc: (-1.6772,-1.5371,1.3276)
[167127452406] acc: (-1.9707,-2.0662,0.5813)
[167127452407] acc: (-1.8745,-1.9131,1.5059)
[167127452408] acc: (-2.2532,-1.7805,1.3232)
[167127452409] acc: (-2.4983,-1.3301,0.6216)
[167127452410] acc: (-2.6689,-0.8979,0.4949)
[167127452411] acc: (-2.7542,-0.8477,0.9072)
[167127452412] acc: (-2.4590,-1.1433,0.9727)
[167127452413] acc: (-2.3501,-1.0090,0.6921)
[167127452414] acc: (-2.3174,-0.8972,0.6765)
[167127452414] acc: (-2.1736,-0.8225,0.6367)
[167127452416] acc: (-2.0701,-0.8320,0.5515)
[167127452417] acc: (-1.9978,-0.8638,0.3560)
[167127452417] acc: (-1.6980,-0.8862,0.2014)
[167127452419] acc: (-1.6462,-0.9976,0.4150)
[167127452420] acc: (-1.9250,-1.2703,0.2561)
[167127452421] acc: (-1.9956,-1.2910,-0.0295)
[167127452422] acc: (-2.0564,-1.0964,-0.0593)
[167127452423] acc: (-1.8455,-1.3323,-0.0037)
[167127452424] acc: (-1.6172,-1.2563,0.4370)
[167127452426] acc: (-1.3911,-1.2754,0.7969)
[167127452426] acc: (-1.4993,-1.4368,0.1887)
[167127452428] acc: (-1.4336,-1.1887,0.0632)
[167127452428] acc: (-1.3999,-1.2297,0.3833)
[167127452429] acc: (-1.3479,-1.0874,0.1995)
[167127452429] acc: (-1.3201,-0.7527,0.1409)
[167127452431] acc: (-1.2903,-0.9246,0.0491)
[167127452432] acc: (-1.2053,-0.9697,0.3396)
[167127452432] acc: (-1.2439,-0.9685,0.2419)
[167127452434] acc: (-1.3005,-0.9231,0.2200)
[167127452435] acc: (-1.3074,-0.9604,0.2527)
[167127452435] acc: (-1.3130,-0.9304,0.3081)
[167127452437] acc: (-1.3564,-0.9001,0.2590)
[167127452438] acc: (-1.4316,-0.8474,0.2429)
[167127452438] acc: (-1.4531,-0.8232,0.2876)
[167127452439] acc: (-1.4512,-0.8169,0.2756)
[167127452441] acc: (-1.4587,-0.8372,0.3110)
[167127452441] acc: (-1.4946,-0.8164,0.3464)
[167127452442] acc: (-1.5596,-0.8203,0.3215)
[167127452444] acc: (-1.6406,-0.8035,0.3120)
[167127452444] acc: (-1.7778,-0.7380,0.3999)
[167127452445] acc: (-1.8362,-0.9028,0.3357)
[167127452447] acc: (-1.7463,-0.9592,0.4167)
[167127452448] acc: (-1.8113,-0.9675,0.3616)
[167127452449] acc: (-1.9622,-1.0212,0.4275)
[167127452450] acc: (-1.8674,-1.1792,0.7957)
[167127452450] acc: (-1.7251,-1.2000,1.2703)
[167127452451] acc: (-1.8572,-1.6992,0.8428)
[167127452453] acc: (-1.6675,-1.7915,1.0308)
[167127452453] acc: (-1.8682,-1.6843,0.9475)
[167127452454] acc: (-2.0674,-1.5461,0.8828)
[167127452456] acc: (-2.0793,-1.4148,0.7021)
[167127452456] acc: (-2.1802,-1.3298,0.5396)
[167127452457] acc: (-2.3042,-0.9666,0.8694)
[167127452459] acc: (-2.4016,-0.9944,0.9033)
[167127452459] acc: (-2.4326,-0.9143,0.7778)
[167127452460] acc: (-2.3191,-0.8176,0.7852)
[167127452461] acc: (-2.2268,-0.8191,0.7625)
[167127452462] acc: (-2.1455,-0.8296,0.7034)
[167127452463] acc: (-2.0886,-0.8418,0.6294)
[167127452465] acc: (-2.0464,-0.9097,0.5461)
[167127452465] acc: (-2.0376,-0.9534,0.4468)
[167127452466] acc: (-1.9973,-1.0061,0.3455)
[167127452468] acc: (-1.9402,-1.0195,0.3682)
[167127452468] acc: (-1.8777,-1.1011,0.3330)
[167127452469] acc: (-1.8262,-1.1377,0.1431)
[167127452470] acc: (-1.4795,-1.0347,0.0679)
[167127452472] acc: (-1.7625,-1.1831,0.2915)
[167127452472] acc: (-1.6377,-1.5750,0.3162)
[167127452473] acc: (-1.3364,-1.2595,0.3438)
[167127452474] acc: (-1.1968,-1.3484,0.2251)
[167127452475] acc: (-1.1753,-1.2932,0.5789)
[167127452476] acc: (-1.4490,-1.3049,0.2156)
[167127452477] acc: (-1.3586,-1.2219,0.2166)
[167127452478] acc: (-1.0977,-1.0376,0.2056)
[167127452479] acc: (-1.0408,-0.8906,0.1575)
[167127452480] acc: (-1.1394,-0.8472,0.1665)
[167127452481] acc: (-1.2339,-0.8960,0.2190)
[167127452482] acc: (-1.2703,-0.9404,0.1997)
[167127452483] acc: (-1.3191,-0.9775,0.2686)
[167127452484] acc: (-1.3574,-0.9099,0.2981)
[167127452485] acc: (-1.4312,-0.8313,0.2676)
[167127452487] acc: (-1.5581,-0.8289,0.2334)
[167127452487] acc: (-1.7612,-0.7271,0.3262)
[167127452489] acc: (-1.8987,-0.7749,0.2920)
[167127452489] acc: (-1.8140,-0.8474,0.3938)
[167127452490] acc: (-1.7449,-0.7981,0.4360)
[167127452491] acc: (-1.7976,-0.8132,0.3577)
[167127452492] acc: (-1.7693,-0.8591,0.4036)
[167127452493] acc: (-1.7712,-0.8535,0.4905)
[167127452494] acc: (-1.8428,-0.9468,0.3882)
[167127452495] acc: (-1.8369,-1.0820,0.5686)
[167127452496] acc: (-1.7097,-1.0881,1.0422)
[167127452497] acc: (-1.6689,-1.5171,0.5996)
[167127452498] acc: (-1.4270,-1.5356,1.3003)
[167127452499] acc: (-1.7573,-1.6013,1.1689)
[167127452500] acc: (-2.0667,-1.8638,0.6179)
[167127452501] acc: (-2.0417,-1.2585,0.8564)
[167127452502] acc: (-2.2456,-1.0317,0.8511)
[167127452503] acc: (-2.3118,-1.2761,0.6956)
[167127452504] acc: (-2.3018,-1.0869,0.8176)
[167127452505] acc: (-2.2246,-1.0500,0.7148)
[167127452506] acc: (-2.0303,-1.0437,0.7795)
[167127452507] acc: (-1.9180,-0.9109,0.7869)
[167127452509] acc: (-1.8462,-0.9106,0.7163)
[167127452509] acc: (-1.8503,-0.8950,0.6182)
[167127452510] acc: (-1.8628,-0.8979,0.5396)
[167127452511] acc: (-1.8616,-0.8877,0.4658)
[167127452512] acc: (-1.8511,-0.9038,0.3813)
[167127452513] acc: (-1.8374,-0.9277,0.2471)
[167127452514] acc: (-1.7881,-1.1116,0.1675)
[167127452515] acc: (-1.5637,-1.0994,0.4919)
[167127452516] acc: (-1.5315,-1.1868,0.4873)
[167127452518] acc: (-1.6536,-1.3269,0.1262)
[167127452518] acc: (-1.4880,-1.3782,0.1086)
[167127452519] acc: (-1.4521,-1.0857,0.5803)
[167127452520] acc: (-1.7395,-1.3186,0.1885)
[167127452521] acc: (-1.6733,-1.2722,0.3171)
[167127452522] acc: (-1.5557,-1.1865,0.1023)
[167127452522] acc: (-1.2463,-1.0435,0.5376)
[167127452524] acc: (-1.2993,-1.0044,0.1313)
[167127452525] acc: (-1.3096,-0.8892,0.2266)
[167127452525] acc: (-1.4163,-0.9092,0.2222)
[167127452528] acc: (-1.4736,-0.8921,0.2710)
[167127452528] acc: (-1.5000,-0.8340,0.2441)
[167127452528] acc: (-1.5281,-0.7690,0.2434)
[167127452530] acc: (-1.5591,-0.7620,0.2651)
[167127452531] acc: (-1.5388,-0.7568,0.3108)
[167127452532] acc: (-1.5164,-0.7437,0.3491)
[167127452533] acc: (-1.5364,-0.7366,0.3713)
[167127452534] acc: (-1.5957,-0.7085,0.3672)
[167127452534] acc: (-1.6738,-0.7568,0.3782)
[167127452536] acc: (-1.7612,-0.8452,0.4065)
[167127452537] acc: (-1.7424,-0.9236,0.4478)
[167127452537] acc: (-1.7888,-0.9819,0.4053)
[167127452539] acc: (-1.8201,-1.0508,0.4556)
[167127452540] acc: (-1.8608,-1.1746,0.4548)
[167127452540] acc: (-1.7263,-1.3757,0.9136)
[167127452542] acc: (-1.6543,-1.5393,0.8860)
[167127452543] acc: (-1.5525,-1.6514,1.0337)
[167127452543] acc: (-1.7900,-1.7715,0.9812)
[167127452545] acc: (-1.9536,-1.4268,0.7671)
[167127452546] acc: (-2.0984,-1.2366,0.6794)
[167127452546] acc: (-2.1694,-1.0356,0.7827)
[167127452549] acc: (-2.0613,-1.0952,0.8542)
[167127452549] acc: (-2.0251,-1.1038,0.9604)
[167127452549] acc: (-2.0334,-1.1396,0.9417)
[167127452550] acc: (-1.9631,-1.0464,0.6108)
[167127452552] acc: (-1.8882,-0.7957,0.6279)
[167127452552] acc: (-1.8005,-0.8542,0.6660)
[167127452553] acc: (-1.7290,-0.9019,0.5530)
[167127452555] acc: (-1.6545,-0.9258,0.4438)
[167127452555] acc: (-1.5950,-0.9592,0.3247)
[167127452556] acc: (-1.5681,-1.0366,0.1069)
[167127452558] acc: (-1.5110,-1.0798,0.3848)
[167127452558] acc: (-1.4685,-1.1536,0.4165)
[167127452559] acc: (-1.5498,-1.4004,-0.0378)
[167127452561] acc: (-1.5383,-1.1694,0.5818)
[167127452561] acc: (-1.3635,-1.3794,0.4590)
[167127452562] acc: (-1.4797,-1.3164,0.3989)
[167127452564] acc: (-1.7029,-1.2473,0.2258)
[167127452564] acc: (-1.6765,-1.1411,0.2327)
[167127452565] acc: (-1.5325,-0.9995,0.2507)
[167127452567] acc: (-1.4614,-0.9053,0.1855)
[167127452567] acc: (-1.4497,-0.8896,0.2290)
[167127452568] acc: (-1.4658,-0.8960,0.2549)
[167127452570] acc: (-1.4348,-0.8582,0.2449)
[167127452570] acc: (-1.4180,-0.8306,0.2778)
[167127452571] acc: (-1.4443,-0.7856,0.2864)
[167127452573] acc: (-1.4871,-0.7424,0.2625)
[167127452573] acc: (-1.4995,-0.7080,0.2483)
[167127452574] acc: (-1.5098,-0.7249,0.2705)
[167127452576] acc: (-1.5386,-0.7517,0.2959)
[167127452576] acc: (-1.5522,-0.7744,0.3284)
[167127452577] acc: (-1.5840,-0.7766,0.3542)
[167127452578] acc: (-1.6824,-0.8015,0.3787)
[167127452579] acc: (-1.8040,-0.8628,0.3970)
[167127452580] acc: (-1.9058,-0.8875,0.4121)
[167127452581] acc: (-1.9885,-0.9580,0.3428)
[167127452582] acc: (-2.0215,-1.0325,0.3918)
[167127452583] acc: (-2.1118,-1.1296,0.4578)
[167127452584] acc: (-1.9812,-1.2922,1.3877)
[167127452585] acc: (-1.8633,-1.4465,1.0483)
[167127452586] acc: (-1.6655,-1.7656,1.1169)
[167127452587] acc: (-1.7495,-1.5112,1.1716)
[167127452588] acc: (-2.0464,-1.0652,0.6086)
[167127452589] acc: (-2.1077,-1.1052,0.6377)
[167127452590] acc: (-2.0771,-1.1804,0.7373)
[167127452591] acc: (-2.0908,-1.1819,0.9163)
[167127452592] acc: (-1.9868,-1.1755,0.9473)
[167127452593] acc: (-1.9285,-1.0061,0.7720)
[167127452595] acc: (-1.9399,-0.8948,0.6870)
[167127452595] acc: (-1.9553,-0.8977,0.6643)
[167127452596] acc: (-1.9861,-0.9104,0.5999)
[167127452597] acc: (-2.0054,-0.9009,0.5171)
[167127452598] acc: (-1.9780,-0.9099,0.3801)
[167127452599] acc: (-1.8806,-1.0405,0.3577)
[167127452600] acc: (-1.7507,-0.9839,0.2456)
[167127452601] acc: (-1.6111,-1.0471,0.0701)
[167127452602] acc: (-1.4805,-1.0962,0.3528)
[167127452603] acc: (-1.6704,-1.2974,0.5352)
[167127452604] acc: (-1.7285,-1.3191,0.3064)
[167127452605] acc: (-1.2261,-1.1848,0.2844)
[167127452606] acc: (-1.3311,-1.2061,0.5806)
[167127452607] acc: (-1.6638,-1.2737,0.2915)
[167127452608] acc: (-1.5833,-1.0645,0.1279)
[167127452609] acc: (-1.3152,-0.8809,0.2639)
[167127452610] acc: (-1.2173,-0.8352,0.2385)
[167127452611] acc: (-1.2651,-0.8059,0.2231)
[167127452612] acc: (-1.3608,-0.7644,0.1887)
[167127452613] acc: (-1.4658,-0.8049,0.1814)
[167127452614] acc: (-1.5378,-0.7937,0.2161)
[167127452615] acc: (-1.5408,-0.8020,0.2197)
[167127452616] acc: (-1.5520,-0.7227,0.2427)
[167127452617] acc: (-1.5752,-0.6868,0.2051)
[167127452618] acc: (-1.6257,-0.6733,0.2290)
[167127452619] acc: (-1.7302,-0.6699,0.2913)
[167127452620] acc: (-1.8232,-0.7271,0.3167)
[167127452621] acc: (-1.8555,-0.7395,0.3481)
[167127452624] acc: (-1.8823,-0.7051,0.4097)
[167127452624] acc: (-1.9104,-0.7610,0.3921)
[167127452624] acc: (-1.9321,-0.8289,0.3833)
[167127452625] acc: (-1.9773,-0.8806,0.4734)
[167127452626] acc: (-1.9475,-1.0503,1.2959)
[167127452627] acc: (-1.8198,-1.2251,1.0417)
[167127452629] acc: (-1.7058,-1.6743,1.0366)
[167127452629] acc: (-1.9075,-1.6699,1.3735)
[167127452630] acc: (-2.2229,-1.2134,0.9656)
[167127452632] acc: (-2.3420,-1.1396,0.5420)
[167127452632] acc: (-2.3179,-1.1064,0.7815)
[167127452633] acc: (-2.1226,-1.2397,1.1296)
[167127452633] acc: (-2.1521,-1.1086,1.2461)
[167127452635] acc: (-2.2471,-1.0325,0.7180)
[167127452635] acc: (-2.2112,-0.8145,0.3931)
[167127452636] acc: (-1.9946,-0.6306,0.4587)
[167127452638] acc: (-1.7290,-0.5081,0.4529)
[167127452639] acc: (-1.6614,-0.6504,0.3716)
[167127452639] acc: (-1.7668,-0.8188,0.3691)
[167127452641] acc: (-1.5398,-0.8738,0.1328)
[167127452642] acc: (-1.3870,-1.0422,0.1467)
[167127452642] acc: (-1.4014,-1.0510,0.2065)
[167127452644] acc: (-1.6550,-1.1111,0.2725)
[167127452645] acc: (-1.7917,-1.4800,0.2898)
[167127452645] acc: (-1.3171,-1.3628,0.5251)
[167127452647] acc: (-1.6938,-1.1729,0.3066)
[167127452648] acc: (-2.1033,-1.3965,0.3540)
[167127452652] acc: (-1.9614,-1.4111,0.2278)
[167127452652] acc: (-1.7612,-1.0713,0.1724)
[167127452653] acc: (-1.4980,-0.9963,0.1973)
[167127452653] acc: (-1.3591,-0.9565,0.3704)
[167127452654] acc: (-1.4351,-0.8523,0.3821)
[167127452655] acc: (-1.4370,-0.8235,0.2146)
[167127452655] acc: (-1.4121,-0.6472,0.1738)
[167127452656] acc: (-1.4170,-0.6882,0.2727)
[167127452657] acc: (-1.4744,-0.6755,0.2524)
[167127452657] acc: (-1.5491,-0.6313,0.2432)
[167127452659] acc: (-1.5913,-0.6318,0.1738)
[167127452660] acc: (-1.6084,-0.6714,0.2595)
[167127452660] acc: (-1.6511,-0.7124,0.2893)
[167127452661] acc: (-1.6665,-0.7002,0.2915)
[167127452663] acc: (-1.6575,-0.6926,0.3079)
[167127452663] acc: (-1.6460,-0.7041,0.3066)
[167127452664] acc: (-1.7078,-0.7725,0.3579)
[167127452665] acc: (-1.8198,-0.8335,0.4028)
[167127452666] acc: (-1.8684,-0.9285,0.3855)
[167127452667] acc: (-1.9392,-0.9917,0.4448)
[167127452669] acc: (-1.8687,-1.1284,1.0959)
[167127452669] acc: (-1.7769,-1.3088,0.9717)
[167127452670] acc: (-1.7649,-1.5198,1.2031)
[167127452672] acc: (-1.9329,-1.6372,0.9221)
[167127452672] acc: (-2.0273,-1.2832,0.7532)
[167127452673] acc: (-2.1558,-1.0527,0.8604)
[167127452675] acc: (-2.1868,-1.0537,0.7141)
[167127452675] acc: (-2.0132,-1.0571,0.8833)
[167127452677] acc: (-1.9343,-1.2256,0.8257)
[167127452678] acc: (-1.9194,-1.1985,0.8323)
[167127452678] acc: (-2.0063,-0.9868,0.8176)
[167127452680] acc: (-2.0012,-0.8818,0.5242)
[167127452681] acc: (-1.8838,-0.7703,0.3948)
[167127452681] acc: (-1.7734,-0.7078,0.3877)
[167127452683] acc: (-1.7134,-0.7539,0.4680)
[167127452683] acc: (-1.6858,-0.8357,0.3345)
[167127452684] acc: (-1.5486,-0.9868,0.3191)
[167127452685] acc: (-1.3662,-1.0144,0.2693)
[167127452687] acc: (-1.5405,-1.0977,0.4939)
[167127452688] acc: (-1.4778,-1.1611,0.1624)
[167127452688] acc: (-1.5540,-1.0955,0.0925)
[167127452689] acc: (-1.7856,-1.0249,0.2505)
[167127452690] acc: (-1.8108,-1.2039,0.1326)
[167127452692] acc: (-1.5251,-1.2117,0.5317)
[167127452692] acc: (-1.5801,-1.1655,0.3257)
[167127452693] acc: (-1.5730,-1.0254,0.1938)
[167127452694] acc: (-1.4871,-0.9189,0.3396)
[167127452695] acc: (-1.4482,-0.8608,0.1440)
[167127452696] acc: (-1.4207,-0.8022,0.2913)
[167127452697] acc: (-1.4353,-0.7732,0.1951)
[167127452699] acc: (-1.4807,-0.6846,0.2017)
[167127452699] acc: (-1.5317,-0.7029,0.1709)
[167127452700] acc: (-1.5403,-0.7361,0.2612)
[167127452701] acc: (-1.5762,-0.7434,0.2686)
[167127452702] acc: (-1.6404,-0.7231,0.2637)
[167127452703] acc: (-1.7053,-0.7029,0.2705)
[167127452704] acc: (-1.7593,-0.7178,0.2773)
[167127452705] acc: (-1.8118,-0.7444,0.3315)
[167127452706] acc: (-1.8796,-0.7913,0.3025)
[167127452708] acc: (-1.9226,-0.8186,0.3293)
[167127452708] acc: (-1.9763,-0.8875,0.4170)
[167127452709] acc: (-2.0420,-1.0149,1.2307)
[167127452710] acc: (-1.8608,-1.0247,0.9529)
[167127452711] acc: (-1.7991,-1.2871,1.1868)
[167127452712] acc: (-2.0212,-1.2854,0.9937)
[167127452714] acc: (-2.2310,-1.0183,0.7739)
[167127452714] acc: (-2.2280,-0.8372,0.8074)
[167127452715] acc: (-2.1560,-0.8662,0.8059)
[167127452716] acc: (-1.9480,-1.2632,0.8076)
[167127452717] acc: (-1.9976,-1.1877,0.9858)
[167127452718] acc: (-2.1277,-1.0430,0.7820)
[167127452719] acc: (-2.0488,-0.8665,0.4792)
[167127452719] acc: (-1.7922,-0.6536,0.2747)
[167127452721] acc: (-1.7068,-0.6379,0.3528)
[167127452722] acc: (-1.9851,-0.7981,0.5442)
[167127452723] acc: (-1.7634,-0.8682,0.2280)
[167127452724] acc: (-1.5452,-0.9521,0.0884)
[167127452725] acc: (-1.5369,-1.0488,0.3286)
[167127452726] acc: (-1.6133,-1.0554,0.3862)
[167127452727] acc: (-1.4463,-1.2498,0.1047)
[167127452728] acc: (-1.5740,-1.1357,0.1602)
[167127452729] acc: (-1.7390,-1.3992,0.4011)
[167127452730] acc: (-1.6992,-1.2009,0.4343)
[167127452731] acc: (-1.5527,-1.0742,0.0750)
[167127452732] acc: (-1.5325,-0.9773,0.2141)
[167127452733] acc: (-1.6006,-1.0012,0.1824)
[167127452734] acc: (-1.5935,-1.0659,0.1143)
[167127452735] acc: (-1.3862,-0.9197,0.3281)
[167127452736] acc: (-1.4905,-0.8359,0.5000)
[167127452737] acc: (-1.6462,-0.7988,-0.0317)
[167127452738] acc: (-1.5823,-0.6599,0.2812)
[167127452739] acc: (-1.5996,-0.7341,0.2080)
[167127452740] acc: (-1.5703,-0.6125,0.2725)
[167127452741] acc: (-1.5686,-0.5430,0.1907)
[167127452741] acc: (-1.6150,-0.5510,0.2327)
[167127452743] acc: (-1.7078,-0.5933,0.2346)
[167127452744] acc: (-1.7581,-0.6309,0.2886)
[167127452744] acc: (-1.8262,-0.6790,0.3008)
[167127452746] acc: (-1.9045,-0.7041,0.2976)
[167127452747] acc: (-1.9993,-0.7312,0.3394)
[167127452747] acc: (-2.1245,-0.8430,0.6543)
[167127452749] acc: (-1.9468,-0.9163,0.9780)
[167127452750] acc: (-1.7622,-1.1069,1.0500)
[167127452750] acc: (-1.8872,-1.1772,1.1450)
[167127452752] acc: (-2.0076,-1.2825,0.9053)
[167127452753] acc: (-2.2314,-0.8757,0.6968)
[167127452753] acc: (-2.2542,-0.8113,0.7791)
[167127452755] acc: (-2.1833,-1.0015,0.8472)
[167127452756] acc: (-2.0247,-1.3096,1.0164)
[167127452756] acc: (-2.0002,-1.1313,0.8298)
[167127452758] acc: (-2.1523,-0.8877,0.5847)
[167127452759] acc: (-1.9497,-0.7158,0.3538)
[167127452759] acc: (-1.7805,-0.5186,0.4307)
[167127452761] acc: (-1.8376,-0.6741,0.4817)
[167127452761] acc: (-1.8193,-0.8645,0.3347)
[167127452762] acc: (-1.5793,-0.8955,0.2661)
[167127452764] acc: (-1.4917,-1.0117,0.2893)
[167127452765] acc: (-1.4192,-1.0896,0.3347)
[167127452765] acc: (-1.4414,-1.0085,0.2158)
[167127452767] acc: (-1.4121,-1.0444,0.0708)
[167127452767] acc: (-1.7915,-1.3203,0.3767)
[167127452768] acc: (-1.5181,-1.3350,0.4712)
[167127452769] acc: (-1.5354,-0.8259,0.2493)
[167127452771] acc: (-1.6157,-1.0564,0.1580)
[167127452771] acc: (-1.6982,-1.0789,0.2437)
[167127452772] acc: (-1.6450,-0.9661,0.1091)
[167127452774] acc: (-1.5034,-0.9375,0.0728)
[167127452775] acc: (-1.3254,-0.8672,0.2712)
[167127452775] acc: (-1.4236,-0.8030,0.5583)
[167127452777] acc: (-1.5828,-0.8928,-0.0461)
[167127452777] acc: (-1.4431,-0.6519,0.2495)
[167127452778] acc: (-1.5278,-0.7739,0.1521)
[167127452780] acc: (-1.6252,-0.7725,0.1960)
[167127452780] acc: (-1.6689,-0.7078,0.2219)
[167127452781] acc: (-1.7231,-0.6880,0.1604)
[167127452783] acc: (-1.7495,-0.6912,0.1526)
[167127452783] acc: (-1.7598,-0.6985,0.1860)
[167127452784] acc: (-1.8264,-0.6836,0.2415)
[167127452786] acc: (-1.9321,-0.6750,0.2612)
[167127452786] acc: (-1.9263,-0.7410,0.2244)
[167127452787] acc: (-1.8867,-0.7170,0.3179)
[167127452789] acc: (-1.9692,-0.6807,0.2871)
[167127452789] acc: (-2.2681,-0.7371,0.6335)
[167127452790] acc: (-2.1665,-0.8225,1.0386)
[167127452792] acc: (-1.9834,-0.9373,0.8044)
[167127452792] acc: (-1.9058,-0.9958,1.0222)
[167127452793] acc: (-2.0188,-1.0806,0.9172)
[167127452795] acc: (-2.1868,-0.7805,0.6111)
[167127452795] acc: (-2.2695,-0.8604,0.5708)
[167127452796] acc: (-2.2295,-0.9263,0.7693)
[167127452797] acc: (-2.1975,-1.1052,0.7073)
[167127452798] acc: (-2.1287,-1.0217,0.7925)
[167127452800] acc: (-2.0742,-1.1594,0.8523)
[167127452800] acc: (-2.1384,-0.9878,0.3601)
[167127452801] acc: (-2.0647,-0.7383,0.3577)
[167127452802] acc: (-1.9229,-0.6819,0.4287)
[167127452803] acc: (-1.8701,-0.7358,0.4016)
[167127452804] acc: (-1.8398,-0.7559,0.2405)
[167127452805] acc: (-1.7402,-0.8862,0.2771)
[167127452806] acc: (-1.5396,-0.8044,0.3020)
[167127452808] acc: (-1.3291,-0.9490,0.2144)
[167127452808] acc: (-1.7095,-1.0876,0.4001)
[167127452809] acc: (-1.7759,-1.1826,0.2083)
[167127452810] acc: (-1.7483,-0.9558,0.1011)
[167127452811] acc: (-1.5925,-1.0093,0.0703)
[167127452812] acc: (-1.5366,-0.8435,0.0535)
[167127452813] acc: (-1.4819,-0.9741,0.0837)
[167127452814] acc: (-1.4216,-1.0037,0.2261)
[167127452815] acc: (-1.3750,-0.9475,0.3691)
[167127452816] acc: (-1.5894,-0.9697,0.0020)
[167127452817] acc: (-1.7131,-1.0037,0.1892)
[167127452818] acc: (-1.7507,-0.9785,0.1865)
[167127452819] acc: (-1.7549,-0.9402,0.1255)
[167127452820] acc: (-1.6626,-0.8767,0.0950)
[167127452821] acc: (-1.5859,-0.7900,0.1519)
[167127452822] acc: (-1.6350,-0.7729,0.0435)
[167127452823] acc: (-1.5818,-0.7290,0.2485)
[167127452824] acc: (-1.5710,-0.7429,0.2126)
[167127452825] acc: (-1.5896,-0.6899,0.1724)
[167127452826] acc: (-1.6196,-0.6663,0.2185)
[167127452827] acc: (-1.6902,-0.6550,0.1541)
[167127452828] acc: (-1.7651,-0.6133,0.1455)
[167127452829] acc: (-1.9666,-0.5110,0.2305)
[167127452830] acc: (-2.0869,-0.5046,0.2917)
[167127452831] acc: (-2.1675,-0.6985,0.3899)
[167127452832] acc: (-2.4143,-0.7329,0.7563)
[167127452833] acc: (-2.2256,-0.6562,1.0430)
[167127452834] acc: (-2.1624,-0.8254,0.7839)
[167127452835] acc: (-1.8201,-0.8184,1.1660)
[167127452836] acc: (-1.8704,-0.3130,1.3142)
[167127452837] acc: (-2.3640,-0.4995,0.6458)
[167127452839] acc: (-2.5872,-0.5122,0.5054)
[167127452840] acc: (-2.3870,-0.9612,0.6604)
[167127452840] acc: (-2.1191,-1.0146,0.8567)
[167127452841] acc: (-2.1689,-0.8174,0.8997)
[167127452842] acc: (-2.2305,-0.9351,0.4612)
[167127452843] acc: (-1.9924,-0.7871,0.2305)
[167127452844] acc: (-2.1914,-0.5791,0.3623)
[167127452845] acc: (-1.9883,-0.5745,0.2410)
[167127452846] acc: (-1.6694,-0.6682,0.3755)
[167127452847] acc: (-1.5913,-0.7849,0.4241)
[167127452848] acc: (-1.5312,-0.9097,0.1973)
[167127452849] acc: (-1.4536,-1.0447,0.2695)
[167127452850] acc: (-1.4536,-1.0464,0.2136)
[167127452851] acc: (-1.5815,-1.1089,0.2251)
[167127452852] acc: (-1.7322,-1.0183,0.2419)
[167127452852] acc: (-1.6609,-1.0012,0.0908)
[167127452854] acc: (-1.8848,-1.0674,0.1941)
[167127452855] acc: (-2.0149,-1.4082,0.0728)
[167127452855] acc: (-1.7983,-1.0410,0.2146)
[167127452857] acc: (-1.5396,-1.0662,0.4089)
[167127452858] acc: (-1.4529,-1.0583,0.2317)
[167127452858] acc: (-1.4136,-0.9343,0.2656)
[167127452860] acc: (-1.4866,-0.8660,0.3120)
[167127452861] acc: (-1.4895,-0.7104,0.2976)
[167127452861] acc: (-1.5500,-0.7473,0.1543)
[167127452863] acc: (-1.5754,-0.7144,0.0955)
[167127452864] acc: (-1.5603,-0.6033,0.2100)
[167127452864] acc: (-1.6875,-0.6289,0.1299)
[167127452866] acc: (-1.7322,-0.6404,0.1353)
[167127452866] acc: (-1.7051,-0.6145,0.1848)
[167127452867] acc: (-1.7332,-0.6396,0.1670)
[167127452869] acc: (-1.8171,-0.5991,0.0676)
[167127452870] acc: (-1.7812,-0.4976,0.2253)
[167127452870] acc: (-1.7742,-0.5818,0.2563)
[167127452872] acc: (-1.6975,-0.5864,0.4285)
[167127452873] acc: (-1.7642,-0.6021,0.2148)
[167127452873] acc: (-1.7444,-0.6138,0.3198)
[167127452876] acc: (-1.6267,-0.6001,0.2854)
[167127452876] acc: (-1.6138,-0.6580,0.2388)
[167127452876] acc: (-1.7192,-0.6689,0.3440)
[167127452878] acc: (-1.9016,-0.7791,0.3892)
[167127452879] acc: (-2.0332,-0.9802,0.7676)
[167127452879] acc: (-2.0996,-1.0994,0.9663)
[167127452880] acc: (-2.1543,-1.2354,1.0210)
[167127452882] acc: (-2.3218,-1.1509,0.9119)
[167127452882] acc: (-2.3015,-0.8145,0.9226)
[167127452883] acc: (-2.5273,-0.6587,0.4329)
[167127452885] acc: (-2.4194,-0.7139,0.7598)
[167127452885] acc: (-2.1985,-0.7964,0.8074)
[167127452886] acc: (-1.9548,-0.9885,0.7349)
[167127452887] acc: (-1.8643,-0.8989,0.7742)
[167127452888] acc: (-1.8823,-0.6909,0.3020)
[167127452889] acc: (-1.6619,-0.6921,0.4131)
[167127452891] acc: (-2.2766,-0.8433,0.3870)
[167127452892] acc: (-2.0598,-0.7925,0.0994)
[167127452892] acc: (-1.6667,-0.7615,0.1370)
[167127452894] acc: (-1.8203,-1.0024,0.2654)
[167127452894] acc: (-1.9041,-1.0862,0.2485)
[167127452895] acc: (-1.8088,-1.0684,0.2700)
[167127452897] acc: (-1.7612,-1.0640,0.1665)
[167127452897] acc: (-1.9006,-1.1865,0.1724)
[167127452898] acc: (-1.8381,-1.1692,0.0796)
[167127452903] acc: (-1.7144,-1.0840,0.1013)
[167127452903] acc: (-1.6360,-1.0371,0.2632)
[167127452903] acc: (-1.5850,-1.0461,0.2205)
[167127452904] acc: (-1.5989,-0.9519,0.1648)
[167127452904] acc: (-1.5549,-0.9978,0.1892)
[167127452905] acc: (-1.5237,-0.9397,0.2522)
[167127452906] acc: (-1.4385,-0.7634,0.2188)
[167127452906] acc: (-1.5347,-0.7695,0.0959)
[167127452907] acc: (-1.6409,-0.7437,0.1277)
[167127452908] acc: (-1.5898,-0.7100,0.3484)
[167127452909] acc: (-1.5540,-0.7847,0.2444)
[167127452910] acc: (-1.5654,-0.6018,0.1704)
[167127452911] acc: (-1.6418,-0.5977,0.1702)
[167127452912] acc: (-1.7083,-0.6628,0.1890)
[167127452913] acc: (-1.7051,-0.6494,0.2668)
[167127452914] acc: (-1.7307,-0.6238,0.2246)
[167127452915] acc: (-1.7424,-0.5825,0.2056)
[167127452916] acc: (-1.7708,-0.4641,0.2688)
[167127452917] acc: (-1.8647,-0.5728,0.2410)
[167127452918] acc: (-1.8738,-0.6699,0.3127)
[167127452919] acc: (-1.8494,-0.6772,0.3425)
[167127452920] acc: (-1.9341,-0.6951,0.2532)
[167127452921] acc: (-2.0791,-0.7239,0.8105)
[167127452923] acc: (-1.9209,-0.9111,1.0713)
[167127452923] acc: (-1.9631,-1.0166,1.0127)
[167127452924] acc: (-2.0037,-0.9856,0.9741)
[167127452925] acc: (-2.0684,-0.7329,0.9136)
[167127452926] acc: (-2.4741,-0.6902,0.3975)
[167127452927] acc: (-2.3215,-0.8245,0.7839)
[167127452928] acc: (-2.2065,-0.9751,0.7529)
[167127452929] acc: (-2.0984,-0.8984,0.7532)
[167127452930] acc: (-1.8896,-1.1704,0.8879)
[167127452931] acc: (-1.7119,-0.8162,0.3608)
[167127452932] acc: (-1.9021,-0.8518,0.4565)
[167127452933] acc: (-2.3552,-0.7686,0.3542)
[167127452934] acc: (-1.7808,-0.6777,0.1541)
[167127452935] acc: (-1.8245,-0.6992,0.3062)
[167127452936] acc: (-1.8596,-1.0017,0.2312)
[167127452937] acc: (-1.5315,-1.0063,0.0557)
[167127452938] acc: (-1.5088,-1.0964,0.2942)
[167127452939] acc: (-1.6877,-1.0015,0.3396)
[167127452940] acc: (-1.7332,-1.0669,0.1038)
[167127452941] acc: (-1.8425,-1.2512,0.1428)
[167127452942] acc: (-1.6003,-1.1729,0.2129)
[167127452943] acc: (-1.6506,-0.9429,0.1543)
[167127452944] acc: (-1.5022,-1.0164,0.4387)
[167127452945] acc: (-1.6562,-1.0334,0.0708)
[167127452946] acc: (-1.6101,-0.8962,0.2310)
[167127452947] acc: (-1.5627,-0.8718,0.1953)
[167127452947] acc: (-1.5249,-0.7607,0.2034)
[167127452949] acc: (-1.4983,-0.7253,0.1765)
[167127452950] acc: (-1.5493,-0.6687,0.1301)
[167127452951] acc: (-1.5620,-0.6553,0.3904)
[167127452952] acc: (-1.5618,-0.7732,0.2205)
[167127452953] acc: (-1.6384,-0.4973,0.1682)
[167127452954] acc: (-1.7129,-0.5547,0.1670)
[167127452955] acc: (-1.7188,-0.6101,0.1914)
[167127452956] acc: (-1.7190,-0.6069,0.2446)
[167127452957] acc: (-1.8064,-0.6189,0.2231)
