0PP
[1673093458254] acc: (0.1763,-0.0874,0.9851)
[1673093458269] acc: (0.1792,-0.0876,0.9944)
[1673093458269] acc: (0.1782,-0.0876,0.9924)
[1673093458284] acc: (0.1790,-0.0886,0.9927)
[1673093458291] acc: (0.1790,-0.0886,0.9949)
[1673093458299] acc: (0.1782,-0.0872,0.9932)
[1673093458314] acc: (0.1790,-0.0886,0.9927)
[1673093458321] acc: (0.1794,-0.0891,0.9919)
[1673093458329] acc: (0.1780,-0.0901,0.9915)
[1673093458351] acc: (0.1790,-0.0869,0.9927)
[1673093458352] acc: (0.1777,-0.0896,0.9941)
[1673093458366] acc: (0.1785,-0.0891,0.9929)
[1673093458374] acc: (0.1799,-0.0886,0.9922)
[1673093458381] acc: (0.1787,-0.0867,0.9944)
[1673093458389] acc: (0.1794,-0.0876,0.9937)
[1673093458396] acc: (0.1802,-0.0881,0.9910)
[1673093458411] acc: (0.1780,-0.0881,0.9919)
[1673093458419] acc: (0.1777,-0.0886,0.9915)
[1673093458426] acc: (0.1787,-0.0884,0.9910)
[1673093458441] acc: (0.1785,-0.0874,0.9919)
[1673093458449] acc: (0.1794,-0.0862,0.9907)
[1673093458456] acc: (0.1782,-0.0876,0.9917)
[1673093458471] acc: (0.1772,-0.0886,0.9910)
[1673093458479] acc: (0.1777,-0.0879,0.9902)
[1673093458486] acc: (0.1792,-0.0894,0.9917)
[1673093458501] acc: (0.1772,-0.0876,0.9919)
[1673093458509] acc: (0.1782,-0.0876,0.9927)
[1673093458516] acc: (0.1797,-0.0872,0.9907)
[1673093458531] acc: (0.1772,-0.0876,0.9919)
[1673093458539] acc: (0.1787,-0.0874,0.9929)
[1673093458546] acc: (0.1797,-0.0884,0.9922)
[1673093458561] acc: (0.1782,-0.0874,0.9922)
[1673093458569] acc: (0.1775,-0.0884,0.9924)
[1673093458576] acc: (0.1777,-0.0879,0.9927)
[1673093458591] acc: (0.1794,-0.0879,0.9932)
[1673093458599] acc: (0.1792,-0.0894,0.9922)
[1673093458606] acc: (0.1792,-0.0874,0.9922)
[1673093458621] acc: (0.1792,-0.0879,0.9944)
[1673093458629] acc: (0.1787,-0.0872,0.9929)
[1673093458636] acc: (0.1777,-0.0879,0.9927)
[1673093458651] acc: (0.1780,-0.0872,0.9929)
[1673093458659] acc: (0.1785,-0.0879,0.9929)
[1673093458666] acc: (0.1780,-0.0886,0.9929)
[1673093458674] acc: (0.1787,-0.0886,0.9924)
[1673093458689] acc: (0.1802,-0.0869,0.9922)
[1673093458696] acc: (0.1802,-0.0881,0.9934)
[1673093458704] acc: (0.1787,-0.0879,0.9929)
[1673093458719] acc: (0.1790,-0.0879,0.9932)
[1673093458726] acc: (0.1797,-0.0874,0.9924)
[1673093458734] acc: (0.1802,-0.0886,0.9927)
[1673093458749] acc: (0.1780,-0.0872,0.9915)
[1673093458756] acc: (0.1785,-0.0889,0.9929)
[1673093458764] acc: (0.1792,-0.0886,0.9929)
[1673093458779] acc: (0.1787,-0.0872,0.9929)
[1673093458786] acc: (0.1787,-0.0872,0.9905)
[1673093458794] acc: (0.1780,-0.0879,0.9927)
[1673093458809] acc: (0.1790,-0.0869,0.9924)
[1673093458816] acc: (0.1799,-0.0876,0.9927)
[1673093458824] acc: (0.1777,-0.0876,0.9919)
[1673093458839] acc: (0.1794,-0.0874,0.9924)
[1673093458846] acc: (0.1792,-0.0884,0.9924)
[1673093458854] acc: (0.1775,-0.0859,0.9922)
[1673093458869] acc: (0.1768,-0.0889,0.9937)
[1673093458876] acc: (0.1770,-0.0879,0.9934)
[1673093458884] acc: (0.1804,-0.0864,0.9927)
[1673093458899] acc: (0.1787,-0.0886,0.9919)
[1673093458906] acc: (0.1770,-0.0886,0.9929)
[1673093458914] acc: (0.1807,-0.0881,0.9946)
[1673093458921] acc: (0.1787,-0.0872,0.9922)
[1673093458936] acc: (0.1787,-0.0881,0.9924)
[1673093458944] acc: (0.1797,-0.0891,0.9917)
[1673093458951] acc: (0.1785,-0.0889,0.9929)
[1673093458966] acc: (0.1787,-0.0884,0.9934)
[1673093458974] acc: (0.1785,-0.0876,0.9924)
[1673093458981] acc: (0.1777,-0.0891,0.9915)
[1673093458997] acc: (0.1785,-0.0874,0.9939)
[1673093459004] acc: (0.1787,-0.0864,0.9937)
[1673093459011] acc: (0.1785,-0.0889,0.9932)
[1673093459034] acc: (0.1785,-0.0886,0.9912)
[1673093459035] acc: (0.1790,-0.0872,0.9922)
[1673093459049] acc: (0.1787,-0.0872,0.9924)
[1673093459056] acc: (0.1777,-0.0876,0.9910)
[1673093459064] acc: (0.1782,-0.0869,0.9919)
[1673093459071] acc: (0.1799,-0.0869,0.9910)
[1673093459086] acc: (0.1775,-0.0879,0.9905)
[1673093459094] acc: (0.1782,-0.0889,0.9927)
[1673093459101] acc: (0.1794,-0.0879,0.9917)
[1673093459116] acc: (0.1770,-0.0879,0.9924)
[1673093459124] acc: (0.1772,-0.0876,0.9949)
[1673093459131] acc: (0.1792,-0.0894,0.9932)
[1673093459146] acc: (0.1775,-0.0881,0.9934)
[1673093459154] acc: (0.1780,-0.0876,0.9937)
[1673093459161] acc: (0.1775,-0.0876,0.9937)
[1673093459176] acc: (0.1799,-0.0886,0.9934)
[1673093459184] acc: (0.1785,-0.0874,0.9917)
[1673093459191] acc: (0.1780,-0.0869,0.9915)
[1673093459199] acc: (0.1787,-0.0881,0.9919)
[1673093459214] acc: (0.1782,-0.0884,0.9932)
[1673093459221] acc: (0.1775,-0.0872,0.9924)
[1673093459229] acc: (0.1777,-0.0867,0.9922)
[1673093459244] acc: (0.1797,-0.0874,0.9924)
[1673093459251] acc: (0.1785,-0.0876,0.9924)
[1673093459259] acc: (0.1785,-0.0884,0.9919)
[1673093459274] acc: (0.1760,-0.0872,0.9937)
[1673093459281] acc: (0.1760,-0.0876,0.9934)
[1673093459289] acc: (0.1794,-0.0876,0.9934)
[1673093459304] acc: (0.1768,-0.0879,0.9922)
[1673093459311] acc: (0.1777,-0.0869,0.9915)
[1673093459319] acc: (0.1794,-0.0872,0.9927)
[1673093459334] acc: (0.1782,-0.0886,0.9934)
[1673093459341] acc: (0.1782,-0.0872,0.9929)
[1673093459349] acc: (0.1775,-0.0881,0.9919)
[1673093459364] acc: (0.1768,-0.0881,0.9917)
[1673093459371] acc: (0.1772,-0.0879,0.9924)
[1673093459379] acc: (0.1780,-0.0876,0.9927)
[1673093459394] acc: (0.1777,-0.0891,0.9937)
[1673093459401] acc: (0.1790,-0.0879,0.9932)
[1673093459409] acc: (0.1792,-0.0862,0.9924)
[1673093459424] acc: (0.1812,-0.0869,0.9922)
[1673093459431] acc: (0.1812,-0.0886,0.9922)
[1673093459439] acc: (0.1821,-0.0896,0.9915)
[1673093459446] acc: (0.1794,-0.0867,0.9924)
[1673093459461] acc: (0.1777,-0.0876,0.9917)
[1673093459469] acc: (0.1777,-0.0881,0.9927)
[1673093459476] acc: (0.1753,-0.0881,0.9934)
[1673093459491] acc: (0.1787,-0.0879,0.9934)
[1673093459499] acc: (0.1787,-0.0898,0.9917)
[1673093459506] acc: (0.1792,-0.0886,0.9915)
[1673093459521] acc: (0.1792,-0.0884,0.9917)
[1673093459529] acc: (0.1792,-0.0879,0.9951)
[1673093459536] acc: (0.1782,-0.0864,0.9944)
[1673093459551] acc: (0.1780,-0.0884,0.9941)
[1673093459559] acc: (0.1790,-0.0876,0.9932)
[1673093459566] acc: (0.1785,-0.0889,0.9922)
[1673093459582] acc: (0.1785,-0.0881,0.9924)
[1673093459589] acc: (0.1787,-0.0867,0.9924)
[1673093459596] acc: (0.1792,-0.0869,0.9946)
[1673093459611] acc: (0.1790,-0.0884,0.9941)
[1673093459619] acc: (0.1794,-0.0874,0.9917)
[1673093459626] acc: (0.1799,-0.0879,0.9922)
[1673093459641] acc: (0.1780,-0.0874,0.9946)
[1673093459649] acc: (0.1772,-0.0879,0.9919)
[1673093459656] acc: (0.1777,-0.0881,0.9902)
[1673093459671] acc: (0.1797,-0.0869,0.9929)
[1673093459679] acc: (0.1782,-0.0874,0.9929)
[1673093459686] acc: (0.1790,-0.0872,0.9929)
[1673093459701] acc: (0.1777,-0.0879,0.9937)
[1673093459709] acc: (0.1770,-0.0869,0.9922)
[1673093459716] acc: (0.1775,-0.0881,0.9919)
[1673093459724] acc: (0.1790,-0.0876,0.9915)
[1673093459739] acc: (0.1804,-0.0876,0.9922)
[1673093459746] acc: (0.1792,-0.0884,0.9924)
[1673093459754] acc: (0.1787,-0.0881,0.9927)
[1673093459769] acc: (0.1787,-0.0881,0.9922)
[1673093459776] acc: (0.1790,-0.0869,0.9946)
[1673093459784] acc: (0.1777,-0.0881,0.9929)
[1673093459799] acc: (0.1780,-0.0874,0.9934)
[1673093459806] acc: (0.1782,-0.0869,0.9929)
[1673093459814] acc: (0.1782,-0.0881,0.9922)
[1673093459836] acc: (0.1785,-0.0884,0.9934)
[1673093459837] acc: (0.1790,-0.0891,0.9929)
[1673093459844] acc: (0.1792,-0.0889,0.9929)
[1673093459859] acc: (0.1777,-0.0879,0.9927)
[1673093459866] acc: (0.1765,-0.0874,0.9910)
[1673093459874] acc: (0.1785,-0.0881,0.9934)
[1673093459889] acc: (0.1760,-0.0884,0.9929)
[1673093459897] acc: (0.1763,-0.0876,0.9912)
[1673093459904] acc: (0.1799,-0.0886,0.9919)
[1673093459919] acc: (0.1775,-0.0881,0.9934)
[1673093459926] acc: (0.1790,-0.0884,0.9927)
[1673093459934] acc: (0.1782,-0.0876,0.9917)
[1673093459949] acc: (0.1787,-0.0884,0.9937)
[1673093459956] acc: (0.1787,-0.0884,0.9937)
[1673093459964] acc: (0.1777,-0.0869,0.9929)
[1673093459971] acc: (0.1792,-0.0879,0.9934)
[1673093459986] acc: (0.1777,-0.0896,0.9922)
[1673093459994] acc: (0.1765,-0.0884,0.9944)
[1673093460001] acc: (0.1777,-0.0876,0.9924)
[1673093460017] acc: (0.1758,-0.0879,0.9917)
[1673093460024] acc: (0.1775,-0.0886,0.9922)
[1673093460031] acc: (0.1785,-0.0864,0.9919)
[1673093460046] acc: (0.1794,-0.0876,0.9924)
[1673093460054] acc: (0.1787,-0.0867,0.9910)
[1673093460061] acc: (0.1785,-0.0891,0.9922)
[1673093460076] acc: (0.1792,-0.0876,0.9917)
[1673093460084] acc: (0.1794,-0.0879,0.9932)
[1673093460091] acc: (0.1772,-0.0872,0.9932)
[1673093460106] acc: (0.1768,-0.0872,0.9922)
[1673093460114] acc: (0.1765,-0.0886,0.9922)
[1673093460121] acc: (0.1777,-0.0874,0.9929)
[1673093460136] acc: (0.1782,-0.0903,0.9915)
[1673093460144] acc: (0.1797,-0.0862,0.9905)
[1673093460152] acc: (0.1782,-0.0872,0.9912)
[1673093460166] acc: (0.1799,-0.0891,0.9934)
[1673093460174] acc: (0.1785,-0.0874,0.9934)
[1673093460181] acc: (0.1777,-0.0874,0.9929)
[1673093460196] acc: (0.1785,-0.0891,0.9900)
[1673093460204] acc: (0.1787,-0.0876,0.9944)
[1673093460211] acc: (0.1780,-0.0891,0.9915)
[1673093460226] acc: (0.1785,-0.0862,0.9929)
[1673093460234] acc: (0.1775,-0.0896,0.9929)
[1673093460241] acc: (0.1802,-0.0859,0.9941)
[1673093460249] acc: (0.1785,-0.0886,0.9937)
[1673093460264] acc: (0.1782,-0.0889,0.9905)
[1673093460271] acc: (0.1794,-0.0854,0.9929)
[1673093460279] acc: (0.1785,-0.0886,0.9944)
[1673093460294] acc: (0.1782,-0.0886,0.9900)
[1673093460301] acc: (0.1777,-0.0869,0.9949)
[1673093460309] acc: (0.1775,-0.0896,0.9944)
[1673093460324] acc: (0.1777,-0.0872,0.9927)
[1673093460332] acc: (0.1797,-0.0876,0.9939)
[1673093460339] acc: (0.1794,-0.0872,0.9912)
[1673093460354] acc: (0.1772,-0.0864,0.9934)
[1673093460362] acc: (0.1790,-0.0872,0.9924)
[1673093460369] acc: (0.1797,-0.0886,0.9922)
[1673093460384] acc: (0.1785,-0.0879,0.9932)
[1673093460391] acc: (0.1772,-0.0876,0.9924)
[1673093460399] acc: (0.1777,-0.0881,0.9939)
[1673093460414] acc: (0.1785,-0.0879,0.9949)
[1673093460421] acc: (0.1792,-0.0859,0.9917)
[1673093460429] acc: (0.1807,-0.0864,0.9927)
[1673093460451] acc: (0.1775,-0.0886,0.9929)
[1673093460452] acc: (0.1790,-0.0889,0.9912)
[1673093460459] acc: (0.1790,-0.0874,0.9937)
[1673093460474] acc: (0.1794,-0.0884,0.9929)
[1673093460482] acc: (0.1802,-0.0884,0.9912)
[1673093460489] acc: (0.1807,-0.0867,0.9934)
[1673093460496] acc: (0.1790,-0.0879,0.9919)
[1673093460512] acc: (0.1777,-0.0872,0.9924)
[1673093460519] acc: (0.1782,-0.0889,0.9924)
[1673093460526] acc: (0.1787,-0.0891,0.9944)
[1673093460541] acc: (0.1790,-0.0867,0.9929)
[1673093460549] acc: (0.1782,-0.0896,0.9917)
[1673093460556] acc: (0.1809,-0.0886,0.9924)
[1673093460571] acc: (0.1794,-0.0876,0.9937)
[1673093460579] acc: (0.1785,-0.0879,0.9922)
[1673093460586] acc: (0.1797,-0.0874,0.9932)
[1673093460601] acc: (0.1775,-0.0889,0.9937)
[1673093460609] acc: (0.1777,-0.0879,0.9922)
[1673093460616] acc: (0.1775,-0.0881,0.9934)
[1673093460631] acc: (0.1785,-0.0884,0.9924)
[1673093460639] acc: (0.1785,-0.0886,0.9924)
[1673093460646] acc: (0.1787,-0.0889,0.9924)
[1673093460661] acc: (0.1787,-0.0876,0.9917)
[1673093460669] acc: (0.1787,-0.0876,0.9937)
[1673093460676] acc: (0.1790,-0.0894,0.9924)
[1673093460691] acc: (0.1799,-0.0872,0.9937)
[1673093460699] acc: (0.1790,-0.0881,0.9939)
[1673093460706] acc: (0.1787,-0.0891,0.9929)
[1673093460722] acc: (0.1794,-0.0852,0.9939)
[1673093460729] acc: (0.1782,-0.0869,0.9939)
[1673093460736] acc: (0.1785,-0.0869,0.9934)
[1673093460751] acc: (0.1777,-0.0879,0.9939)
[1673093460759] acc: (0.1785,-0.0879,0.9929)
[1673093460766] acc: (0.1785,-0.0859,0.9951)
[1673093460774] acc: (0.1782,-0.0881,0.9927)
[1673093460789] acc: (0.1792,-0.0884,0.9927)
[1673093460796] acc: (0.1772,-0.0879,0.9932)
[1673093460804] acc: (0.1807,-0.0876,0.9897)
[1673093460819] acc: (0.1802,-0.0874,0.9939)
[1673093460826] acc: (0.1794,-0.0898,0.9941)
[1673093460834] acc: (0.1797,-0.0886,0.9912)
[1673093460849] acc: (0.1794,-0.0859,0.9941)
[1673093460856] acc: (0.1772,-0.0884,0.9927)
[1673093460864] acc: (0.1780,-0.0894,0.9910)
[1673093460879] acc: (0.1790,-0.0876,0.9934)
[1673093460886] acc: (0.1794,-0.0869,0.9915)
[1673093460894] acc: (0.1780,-0.0879,0.9917)
[1673093460909] acc: (0.1775,-0.0891,0.9917)
[1673093460916] acc: (0.1780,-0.0876,0.9934)
[1673093460924] acc: (0.1787,-0.0852,0.9912)
[1673093460939] acc: (0.1787,-0.0889,0.9929)
[1673093460954] acc: (0.1780,-0.0891,0.9932)
[1673093460954] acc: (0.1780,-0.0867,0.9939)
[1673093460969] acc: (0.1799,-0.0886,0.9910)
[1673093460976] acc: (0.1792,-0.0881,0.9919)
[1673093460984] acc: (0.1785,-0.0872,0.9924)
[1673093461006] acc: (0.1770,-0.0879,0.9939)
[1673093461007] acc: (0.1787,-0.0864,0.9917)
[1673093461014] acc: (0.1792,-0.0874,0.9924)
[1673093461029] acc: (0.1782,-0.0891,0.9927)
[1673093461036] acc: (0.1772,-0.0876,0.9939)
[1673093461052] acc: (0.1792,-0.0881,0.9917)
[1673093461052] acc: (0.1794,-0.0889,0.9922)
[1673093461066] acc: (0.1787,-0.0884,0.9946)
[1673093461074] acc: (0.1782,-0.0884,0.9924)
[1673093461081] acc: (0.1787,-0.0864,0.9937)
[1673093461096] acc: (0.1792,-0.0891,0.9951)
[1673093461104] acc: (0.1770,-0.0881,0.9939)
[1673093461111] acc: (0.1782,-0.0876,0.9946)
[1673093461126] acc: (0.1785,-0.0884,0.9949)
[1673093461134] acc: (0.1780,-0.0879,0.9937)
[1673093461141] acc: (0.1785,-0.0874,0.9912)
[1673093461156] acc: (0.1782,-0.0879,0.9939)
[1673093461164] acc: (0.1794,-0.0872,0.9924)
[1673093461171] acc: (0.1787,-0.0889,0.9927)
[1673093461186] acc: (0.1775,-0.0886,0.9927)
[1673093461194] acc: (0.1790,-0.0886,0.9919)
[1673093461201] acc: (0.1772,-0.0876,0.9934)
