SGN
[1672308175306] acc: (1.0369,0.0901,0.0012)
[1672308175313] acc: (0.9922,0.1101,0.0283)
[1672308175320] acc: (0.9165,0.1157,0.0583)
[1672308175336] acc: (0.8623,0.1013,0.1106)
[1672308175350] acc: (0.8704,0.0947,0.1472)
[1672308175358] acc: (0.8967,0.1013,0.1921)
[1672308175366] acc: (0.8938,0.0994,0.2507)
[1672308175373] acc: (0.8828,0.1016,0.2871)
[1672308175381] acc: (0.8704,0.1174,0.3174)
[1672308175396] acc: (0.8464,0.1106,0.3440)
[1672308175403] acc: (0.8323,0.0879,0.3872)
[1672308175410] acc: (0.8235,0.0852,0.4314)
[1672308175426] acc: (0.8035,0.0840,0.4729)
[1672308175441] acc: (0.7756,0.0825,0.5144)
[1672308175441] acc: (0.7561,0.0806,0.5522)
[1672308175456] acc: (0.7498,0.0769,0.5911)
[1672308175463] acc: (0.7583,0.0688,0.6055)
[1672308175471] acc: (0.7612,0.0630,0.6328)
[1672308175478] acc: (0.7527,0.0605,0.6562)
[1672308175493] acc: (0.7422,0.0439,0.6746)
[1672308175501] acc: (0.7136,0.0649,0.6824)
[1672308175508] acc: (0.6841,0.0830,0.6995)
[1672308175523] acc: (0.6721,0.0657,0.7114)
[1672308175530] acc: (0.6685,0.0610,0.7239)
[1672308175538] acc: (0.6594,0.0527,0.7454)
[1672308175553] acc: (0.6396,0.0439,0.7661)
[1672308175561] acc: (0.6167,0.0422,0.7878)
[1672308175568] acc: (0.5989,0.0466,0.7971)
[1672308175583] acc: (0.5872,0.0430,0.8083)
[1672308175590] acc: (0.5815,0.0354,0.8184)
[1672308175598] acc: (0.5745,0.0366,0.8281)
[1672308175613] acc: (0.5730,0.0308,0.8384)
[1672308175621] acc: (0.5659,0.0276,0.8459)
[1672308175628] acc: (0.5605,0.0322,0.8489)
[1672308175643] acc: (0.5669,0.0315,0.8457)
[1672308175651] acc: (0.5830,0.0332,0.8450)
[1672308175658] acc: (0.5837,0.0413,0.8503)
[1672308175673] acc: (0.5771,0.0420,0.8491)
[1672308175681] acc: (0.5847,0.0312,0.8474)
[1672308175688] acc: (0.6199,0.0273,0.8547)
[1672308175704] acc: (0.6426,0.0361,0.8555)
[1672308175711] acc: (0.6289,0.0537,0.8557)
[1672308175718] acc: (0.5962,0.0623,0.8489)
[1672308175733] acc: (0.5535,0.0474,0.8440)
[1672308175741] acc: (0.5193,0.0381,0.8545)
[1672308175748] acc: (0.5217,0.0378,0.8528)
[1672308175756] acc: (0.5295,0.0461,0.8569)
[1672308175771] acc: (0.5046,0.0525,0.8643)
[1672308175778] acc: (0.4819,0.0374,0.8755)
[1672308175786] acc: (0.4919,0.0247,0.8645)
[1672308175801] acc: (0.4937,0.0334,0.8733)
[1672308175808] acc: (0.4900,0.0410,0.8928)
[1672308175816] acc: (0.5400,0.0264,0.9441)
[1672308175831] acc: (0.6230,0.0278,0.8975)
[1672308175838] acc: (0.5520,0.0847,0.9202)
[1672308175846] acc: (0.4097,0.0916,0.9221)
[1672308175861] acc: (0.2876,0.0410,0.9429)
[1672308175868] acc: (0.3032,0.0005,0.9246)
[1672308175876] acc: (0.3271,0.0098,0.8777)
[1672308175891] acc: (0.2351,0.0483,0.9236)
[1672308175906] acc: (0.2231,0.0244,0.9094)
[1672308175906] acc: (0.2056,0.0042,0.9287)
[1672308175921] acc: (0.1658,0.0010,0.9653)
[1672308175936] acc: (0.1611,-0.0002,1.0046)
[1672308175943] acc: (0.1841,0.0090,0.9912)
[1672308175951] acc: (0.1572,0.0303,1.0037)
[1672308175966] acc: (0.1235,0.0173,1.0081)
[1672308175966] acc: (0.0964,-0.0022,0.9985)
[1672308175988] acc: (0.0757,-0.0090,0.9985)
[1672308175988] acc: (0.0693,-0.0127,0.9968)
[1672308175996] acc: (0.0654,-0.0122,0.9978)
[1672308176010] acc: (0.0669,-0.0120,1.0046)
[1672308176018] acc: (0.0630,-0.0149,1.0039)
[1672308176033] acc: (0.0618,-0.0276,0.9890)
[1672308176041] acc: (0.0613,-0.0398,0.9775)
[1672308176048] acc: (0.0549,-0.0452,0.9819)
[1672308176056] acc: (0.0508,-0.0464,0.9929)
[1672308176070] acc: (0.0503,-0.0376,0.9978)
[1672308176078] acc: (0.0532,-0.0344,0.9995)
[1672308176086] acc: (0.0625,-0.0278,0.9951)
[1672308176093] acc: (0.0540,-0.0203,0.9907)
[1672308176108] acc: (0.0583,-0.0320,0.9805)
[1672308176116] acc: (0.0693,-0.0212,0.9702)
[1672308176123] acc: (0.0825,-0.0156,0.9705)
[1672308176138] acc: (0.1270,-0.0188,0.9692)
[1672308176146] acc: (0.1917,-0.0085,0.9697)
[1672308176153] acc: (0.2573,0.0161,0.9729)
[1672308176168] acc: (0.3120,0.0315,0.9812)
[1672308176176] acc: (0.3704,0.0325,0.9697)
[1672308176183] acc: (0.3970,0.0508,0.9463)
[1672308176198] acc: (0.4041,0.0513,0.9297)
[1672308176206] acc: (0.4380,0.0298,0.8931)
[1672308176213] acc: (0.4512,0.0430,0.8530)
[1672308176228] acc: (0.4556,0.0510,0.8350)
[1672308176236] acc: (0.4958,0.0376,0.8069)
[1672308176243] acc: (0.5566,0.0415,0.7788)
[1672308176258] acc: (0.6355,0.0581,0.7502)
[1672308176273] acc: (0.7368,0.0696,0.7209)
[1672308176273] acc: (0.8076,0.0845,0.6865)
[1672308176288] acc: (0.8047,0.0776,0.6895)
[1672308176296] acc: (0.7888,0.0610,0.6497)
[1672308176303] acc: (0.7554,0.0559,0.5996)
[1672308176318] acc: (0.7463,0.0522,0.5752)
[1672308176326] acc: (0.8000,0.0366,0.5449)
[1672308176333] acc: (0.8467,0.0439,0.5256)
[1672308176348] acc: (0.8728,0.0627,0.5195)
[1672308176356] acc: (0.9136,0.0645,0.5020)
[1672308176363] acc: (0.9487,0.0642,0.4734)
[1672308176378] acc: (0.9666,0.0720,0.4448)
[1672308176386] acc: (0.9763,0.0806,0.4089)
[1672308176393] acc: (0.9746,0.0850,0.3752)
[1672308176408] acc: (0.9709,0.0820,0.3442)
[1672308176416] acc: (0.9819,0.0784,0.3206)
[1672308176423] acc: (0.9822,0.0940,0.2913)
[1672308176431] acc: (0.9536,0.1077,0.2708)
[1672308176453] acc: (0.9304,0.0986,0.2437)
[1672308176453] acc: (0.9299,0.0842,0.2109)
[1672308176461] acc: (0.9175,0.0981,0.1746)
[1672308176476] acc: (0.9043,0.0979,0.1414)
[1672308176483] acc: (0.9399,0.0889,0.1118)
[1672308176491] acc: (0.9888,0.1099,0.0923)
[1672308176506] acc: (1.0542,0.1304,0.0894)
[1672308176513] acc: (1.0996,0.1423,0.0854)
[1672308176521] acc: (1.0847,0.1531,0.0789)
[1672308176536] acc: (1.0457,0.1394,0.0459)
[1672308176543] acc: (1.0251,0.1101,0.0208)
[1672308176550] acc: (1.0137,0.1074,-0.0046)
[1672308176566] acc: (1.0039,0.1204,-0.0374)
[1672308176573] acc: (1.0000,0.1199,-0.0596)
[1672308176581] acc: (0.9963,0.1182,-0.0830)
[1672308176596] acc: (1.0125,0.1211,-0.0957)
[1672308176603] acc: (1.0291,0.1272,-0.1035)
[1672308176610] acc: (1.0356,0.1311,-0.1052)
[1672308176626] acc: (1.0090,0.1294,-0.1167)
[1672308176633] acc: (0.9846,0.1108,-0.1365)
[1672308176641] acc: (0.9622,0.1108,-0.1506)
[1672308176656] acc: (0.9392,0.1228,-0.1775)
[1672308176686] acc: (0.9255,0.1182,-0.2141)
[1672308176686] acc: (0.9612,0.1091,-0.2419)
[1672308176687] acc: (1.0295,0.1289,-0.2539)
[1672308176693] acc: (1.0847,0.1523,-0.2429)
[1672308176701] acc: (1.0959,0.1597,-0.2292)
[1672308176716] acc: (1.0715,0.1523,-0.2285)
[1672308176723] acc: (1.0376,0.1392,-0.2356)
[1672308176730] acc: (0.9851,0.1375,-0.2473)
[1672308176746] acc: (0.8948,0.1379,-0.2861)
[1672308176761] acc: (0.8555,0.1028,-0.3186)
[1672308176761] acc: (0.8835,0.0947,-0.3301)
[1672308176768] acc: (0.9236,0.1250,-0.3506)
[1672308176783] acc: (0.9539,0.1423,-0.3513)
[1672308176791] acc: (0.9617,0.1409,-0.3464)
[1672308176798] acc: (0.9937,0.1345,-0.3364)
[1672308176821] acc: (1.0239,0.1472,-0.3242)
[1672308176821] acc: (1.0344,0.1509,-0.3115)
[1672308176828] acc: (1.0120,0.1448,-0.3013)
[1672308176843] acc: (0.9705,0.1313,-0.3132)
[1672308176850] acc: (0.9409,0.1213,-0.3318)
[1672308176858] acc: (0.9417,0.1245,-0.3372)
[1672308176873] acc: (0.9658,0.1360,-0.3325)
[1672308176881] acc: (0.9807,0.1411,-0.3250)
[1672308176888] acc: (0.9912,0.1382,-0.3169)
[1672308176904] acc: (1.0056,0.1367,-0.3064)
[1672308176911] acc: (1.0330,0.1375,-0.2932)
[1672308176926] acc: (1.0508,0.1379,-0.2793)
[1672308176941] acc: (1.0549,0.1409,-0.2700)
[1672308176941] acc: (1.0698,0.1333,-0.2515)
[1672308176948] acc: (1.0889,0.1343,-0.2231)
[1672308176963] acc: (1.0957,0.1423,-0.1941)
[1672308176970] acc: (1.0933,0.1382,-0.1604)
[1672308176978] acc: (1.0991,0.1294,-0.1191)
[1672308177001] acc: (1.1091,0.1216,-0.0786)
[1672308177001] acc: (1.1272,0.1172,-0.0359)
[1672308177008] acc: (1.1316,0.1294,-0.0278)
[1672308177023] acc: (1.0791,0.1404,-0.0627)
[1672308177031] acc: (1.0183,0.1262,-0.0603)
[1672308177046] acc: (0.9990,0.1038,-0.0144)
[1672308177053] acc: (0.9822,0.0952,0.0466)
[1672308177068] acc: (0.9622,0.0977,0.1179)
[1672308177068] acc: (0.9519,0.1082,0.1848)
[1672308177098] acc: (0.9495,0.1150,0.2297)
[1672308177100] acc: (0.9333,0.1130,0.2727)
[1672308177106] acc: (0.9009,0.1042,0.3179)
[1672308177106] acc: (0.8704,0.1011,0.3496)
[1672308177121] acc: (0.8474,0.1047,0.3711)
[1672308177128] acc: (0.7971,0.0981,0.4084)
[1672308177136] acc: (0.7424,0.0852,0.4485)
[1672308177151] acc: (0.7087,0.0864,0.4868)
[1672308177158] acc: (0.6875,0.0898,0.5310)
[1672308177166] acc: (0.6731,0.0857,0.5771)
[1672308177188] acc: (0.6721,0.0789,0.6155)
[1672308177188] acc: (0.6836,0.0620,0.6311)
[1672308177196] acc: (0.6890,0.0608,0.6736)
[1672308177210] acc: (0.6792,0.0867,0.7029)
[1672308177226] acc: (0.6782,0.0835,0.7168)
[1672308177226] acc: (0.6753,0.0688,0.7341)
[1672308177241] acc: (0.6570,0.0737,0.7627)
[1672308177248] acc: (0.6313,0.0742,0.7849)
[1672308177255] acc: (0.6147,0.0596,0.7893)
[1672308177271] acc: (0.6047,0.0630,0.8127)
[1672308177278] acc: (0.6040,0.0620,0.8369)
[1672308177285] acc: (0.5967,0.0530,0.8384)
[1672308177308] acc: (0.5764,0.0559,0.8542)
[1672308177308] acc: (0.5486,0.0581,0.8645)
[1672308177316] acc: (0.5247,0.0513,0.8674)
[1672308177338] acc: (0.5081,0.0400,0.8757)
[1672308177339] acc: (0.5115,0.0383,0.8750)
[1672308177346] acc: (0.5374,0.0396,0.8716)
[1672308177361] acc: (0.5303,0.0447,0.8943)
[1672308177368] acc: (0.5173,0.0413,0.8892)
[1672308177376] acc: (0.4822,0.0474,0.8921)
[1672308177391] acc: (0.4292,0.0537,0.8992)
[1672308177398] acc: (0.3811,0.0422,0.9026)
[1672308177406] acc: (0.3508,0.0339,0.8958)
[1672308177421] acc: (0.3423,0.0281,0.9243)
[1672308177428] acc: (0.3857,0.0183,0.9160)
[1672308177435] acc: (0.4170,0.0400,0.9204)
[1672308177443] acc: (0.4124,0.0664,0.9480)
[1672308177458] acc: (0.4048,0.0576,0.9387)
[1672308177466] acc: (0.3774,0.0518,0.9365)
[1672308177473] acc: (0.3459,0.0493,0.9285)
[1672308177488] acc: (0.3015,0.0483,0.9304)
[1672308177496] acc: (0.2559,0.0386,0.9351)
[1672308177503] acc: (0.2395,0.0237,0.9434)
[1672308177518] acc: (0.2598,0.0186,0.9607)
[1672308177526] acc: (0.3228,0.0161,0.9656)
[1672308177533] acc: (0.3564,0.0247,0.9695)
[1672308177548] acc: (0.3384,0.0403,0.9900)
[1672308177556] acc: (0.3215,0.0369,0.9795)
[1672308177563] acc: (0.2900,0.0344,0.9766)
[1672308177586] acc: (0.2466,0.0286,0.9675)
[1672308177586] acc: (0.2178,0.0181,0.9653)
[1672308177593] acc: (0.2151,0.0059,0.9602)
[1672308177608] acc: (0.2290,0.0107,0.9641)
[1672308177616] acc: (0.2493,0.0173,0.9890)
[1672308177623] acc: (0.2747,0.0125,1.0020)
[1672308177639] acc: (0.2876,0.0200,1.0056)
[1672308177646] acc: (0.2771,0.0254,1.0034)
[1672308177653] acc: (0.2488,0.0251,1.0037)
[1672308177668] acc: (0.2180,0.0168,0.9973)
[1672308177683] acc: (0.1963,0.0127,0.9912)
[1672308177683] acc: (0.1904,0.0115,0.9937)
[1672308177706] acc: (0.2102,0.0044,0.9817)
[1672308177714] acc: (0.2168,0.0139,0.9846)
[1672308177714] acc: (0.2153,0.0171,1.0002)
[1672308177728] acc: (0.2480,0.0137,0.9792)
[1672308177736] acc: (0.2534,0.0217,0.9707)
[1672308177743] acc: (0.2139,0.0266,0.9744)
[1672308177758] acc: (0.1782,0.0188,0.9661)
[1672308177766] acc: (0.1460,0.0159,0.9592)
[1672308177773] acc: (0.1362,0.0161,0.9517)
[1672308177781] acc: (0.1440,0.0144,0.9446)
[1672308177796] acc: (0.1487,0.0173,0.9548)
[1672308177811] acc: (0.1445,0.0151,0.9653)
[1672308177811] acc: (0.1414,0.0161,0.9768)
[1672308177826] acc: (0.1521,0.0161,0.9839)
[1672308177833] acc: (0.1611,0.0239,0.9768)
[1672308177841] acc: (0.1484,0.0269,0.9685)
[1672308177856] acc: (0.1074,0.0315,0.9470)
[1672308177863] acc: (0.0547,0.0144,0.9326)
[1672308177871] acc: (0.0830,-0.0320,0.9260)
[1672308177886] acc: (0.1621,-0.0298,0.9253)
[1672308177893] acc: (0.2439,0.0176,0.9172)
[1672308177900] acc: (0.3120,0.0479,0.9316)
[1672308177916] acc: (0.3877,0.0454,0.9285)
[1672308177923] acc: (0.4482,0.0425,0.9207)
[1672308177930] acc: (0.4998,0.0474,0.8992)
[1672308177946] acc: (0.5549,0.0430,0.8750)
[1672308177968] acc: (0.6062,0.0444,0.8416)
[1672308177968] acc: (0.6465,0.0613,0.7996)
[1672308177976] acc: (0.6567,0.0671,0.7676)
[1672308177983] acc: (0.6804,0.0452,0.7312)
[1672308177991] acc: (0.7241,0.0469,0.6738)
[1672308178021] acc: (0.7725,0.0510,0.6477)
[1672308178021] acc: (0.8535,0.0422,0.6143)
[1672308178022] acc: (0.8777,0.0454,0.6006)
[1672308178043] acc: (0.8608,0.0596,0.5908)
[1672308178043] acc: (0.8555,0.0605,0.5774)
[1672308178051] acc: (0.8738,0.0476,0.5432)
[1672308178066] acc: (0.9009,0.0500,0.5125)
[1672308178073] acc: (0.9204,0.0669,0.4961)
[1672308178088] acc: (0.9380,0.0720,0.4668)
[1672308178096] acc: (0.9346,0.0808,0.4390)
[1672308178103] acc: (0.9324,0.0862,0.4170)
[1672308178111] acc: (0.9497,0.0850,0.3894)
[1672308178126] acc: (0.9551,0.0940,0.3672)
[1672308178133] acc: (0.9348,0.1016,0.3538)
[1672308178141] acc: (0.9216,0.0933,0.3335)
[1672308178148] acc: (0.9319,0.0835,0.3047)
[1672308178163] acc: (0.9429,0.0989,0.2852)
[1672308178171] acc: (0.9526,0.1082,0.2686)
[1672308178178] acc: (0.9707,0.1104,0.2456)
[1672308178193] acc: (0.9546,0.1260,0.2305)
[1672308178201] acc: (0.9397,0.1196,0.2100)
[1672308178231] acc: (0.9668,0.0977,0.1880)
[1672308178231] acc: (1.0076,0.1111,0.1694)
[1672308178232] acc: (1.0208,0.1389,0.1609)
[1672308178238] acc: (1.0078,0.1428,0.1467)
[1672308178253] acc: (0.9900,0.1350,0.1184)
[1672308178268] acc: (0.9626,0.1235,0.0835)
[1672308178268] acc: (0.9534,0.1101,0.0554)
[1672308178283] acc: (0.9607,0.1079,0.0359)
[1672308178290] acc: (0.9988,0.1133,0.0259)
[1672308178298] acc: (1.0454,0.1230,0.0215)
[1672308178321] acc: (1.0901,0.1353,0.0188)
[1672308178321] acc: (1.1079,0.1479,0.0098)
[1672308178328] acc: (1.0383,0.1489,-0.0049)
[1672308178343] acc: (0.9792,0.1162,-0.0583)
[1672308178351] acc: (0.9756,0.0876,-0.0864)
[1672308178358] acc: (0.9866,0.0994,-0.1042)
[1672308178373] acc: (1.0007,0.1235,-0.1199)
[1672308178381] acc: (0.9751,0.1426,-0.1421)
[1672308178388] acc: (0.9443,0.1377,-0.1826)
[1672308178404] acc: (0.9492,0.1316,-0.2000)
[1672308178411] acc: (0.9644,0.1370,-0.2222)
[1672308178418] acc: (1.0027,0.1416,-0.2268)
[1672308178434] acc: (1.0144,0.1536,-0.2290)
[1672308178448] acc: (0.9993,0.1567,-0.2349)
[1672308178448] acc: (0.9609,0.1501,-0.2539)
[1672308178463] acc: (0.9617,0.1299,-0.2761)
[1672308178471] acc: (0.9814,0.1379,-0.2952)
[1672308178486] acc: (0.9805,0.1526,-0.3083)
[1672308178486] acc: (0.9673,0.1443,-0.3298)
[1672308178501] acc: (0.9680,0.1357,-0.3374)
[1672308178508] acc: (0.9539,0.1404,-0.3538)
[1672308178515] acc: (0.9307,0.1440,-0.3635)
[1672308178531] acc: (0.9124,0.1350,-0.3767)
[1672308178538] acc: (0.9089,0.1313,-0.3801)
[1672308178546] acc: (0.8848,0.1396,-0.3923)
[1672308178561] acc: (0.8474,0.1360,-0.4121)
[1672308178568] acc: (0.8513,0.1326,-0.4148)
[1672308178576] acc: (0.8728,0.1489,-0.4224)
[1672308178590] acc: (0.9019,0.1409,-0.4431)
[1672308178598] acc: (0.9319,0.1401,-0.4446)
[1672308178606] acc: (0.9548,0.1523,-0.4482)
[1672308178621] acc: (0.9502,0.1545,-0.4617)
[1672308178628] acc: (0.9343,0.1411,-0.4753)
[1672308178643] acc: (0.9202,0.1404,-0.4939)
[1672308178651] acc: (0.9065,0.1438,-0.5063)
[1672308178658] acc: (0.8835,0.1375,-0.5173)
[1672308178666] acc: (0.8694,0.1306,-0.5354)
[1672308178681] acc: (0.8691,0.1394,-0.5493)
[1672308178688] acc: (0.8889,0.1494,-0.5430)
[1672308178703] acc: (0.9224,0.1462,-0.5239)
[1672308178711] acc: (0.9536,0.1453,-0.4990)
[1672308178726] acc: (0.9863,0.1450,-0.4785)
[1672308178726] acc: (1.0171,0.1443,-0.4561)
[1672308178741] acc: (1.0393,0.1440,-0.4282)
[1672308178748] acc: (1.0432,0.1431,-0.4065)
[1672308178763] acc: (1.0215,0.1414,-0.3914)
[1672308178771] acc: (0.9854,0.1418,-0.3833)
[1672308178778] acc: (0.9653,0.1440,-0.3774)
[1672308178786] acc: (0.9458,0.1560,-0.3540)
[1672308178809] acc: (0.9336,0.1506,-0.3579)
[1672308178809] acc: (0.9504,0.1401,-0.3328)
[1672308178816] acc: (0.9822,0.1406,-0.3042)
[1672308178823] acc: (1.0356,0.1428,-0.2598)
[1672308178839] acc: (1.1099,0.1531,-0.1956)
[1672308178846] acc: (1.1760,0.1543,-0.1460)
[1672308178853] acc: (1.2334,0.1526,-0.1333)
[1672308178876] acc: (1.2505,0.1528,-0.1333)
[1672308178876] acc: (1.2061,0.1333,-0.0935)
[1672308178891] acc: (1.0828,0.1223,-0.0535)
[1672308178898] acc: (0.9160,0.1143,-0.0498)
[1672308178905] acc: (0.7727,0.1108,-0.0447)
[1672308178921] acc: (0.6758,0.0940,0.0291)
[1672308178928] acc: (0.6733,0.0439,0.1187)
[1672308178936] acc: (0.7520,0.0303,0.1975)
[1672308178943] acc: (0.8350,0.0708,0.2654)
[1672308178959] acc: (0.8647,0.1150,0.3403)
[1672308178966] acc: (0.8718,0.1235,0.3875)
[1672308178981] acc: (0.8557,0.1096,0.4395)
[1672308178988] acc: (0.7954,0.0928,0.5002)
[1672308178996] acc: (0.7576,0.0835,0.5493)
[1672308179003] acc: (0.7722,0.0879,0.5911)
[1672308179018] acc: (0.8003,0.0933,0.6270)
[1672308179026] acc: (0.7991,0.0908,0.6558)
[1672308179033] acc: (0.7749,0.0769,0.6785)
[1672308179048] acc: (0.7393,0.0508,0.7029)
[1672308179063] acc: (0.6765,0.0295,0.7307)
[1672308179063] acc: (0.6182,0.0374,0.7500)
[1672308179086] acc: (0.5952,0.0347,0.7605)
[1672308179093] acc: (0.5869,0.0178,0.7810)
[1672308179093] acc: (0.5613,0.0056,0.8127)
[1672308179108] acc: (0.5234,-0.0081,0.8499)
[1672308179116] acc: (0.5068,-0.0107,0.8652)
[1672308179123] acc: (0.5222,-0.0142,0.8572)
[1672308179138] acc: (0.5437,0.0010,0.8943)
[1672308179146] acc: (0.5642,0.0205,0.9055)
[1672308179153] acc: (0.5452,0.0410,0.8962)
[1672308179161] acc: (0.4832,0.0593,0.9150)
[1672308179176] acc: (0.4214,0.0461,0.9197)
[1672308179183] acc: (0.3657,0.0239,0.8960)
[1672308179190] acc: (0.3315,0.0271,0.9141)
[1672308179206] acc: (0.3579,0.0210,0.9150)
[1672308179213] acc: (0.3931,0.0066,0.9153)
[1672308179221] acc: (0.3850,0.0217,0.9417)
[1672308179236] acc: (0.3611,0.0359,0.9692)
[1672308179243] acc: (0.3508,0.0225,0.9758)
[1672308179258] acc: (0.3303,0.0144,0.9585)
[1672308179266] acc: (0.2893,0.0310,0.9634)
[1672308179273] acc: (0.2480,0.0188,0.9565)
[1672308179281] acc: (0.2126,-0.0005,0.9629)
[1672308179296] acc: (0.2058,-0.0024,0.9597)
[1672308179303] acc: (0.2207,0.0046,0.9651)
[1672308179311] acc: (0.2517,0.0073,0.9622)
[1672308179326] acc: (0.2524,0.0098,0.9644)
[1672308179333] acc: (0.2188,0.0020,0.9763)
[1672308179341] acc: (0.1836,-0.0034,0.9785)
[1672308179356] acc: (0.1687,-0.0103,0.9734)
[1672308179363] acc: (0.1597,-0.0149,0.9731)
[1672308179371] acc: (0.1477,-0.0168,0.9922)
[1672308179393] acc: (0.1357,-0.0225,0.9946)
[1672308179393] acc: (0.0752,-0.0054,0.9817)
[1672308179401] acc: (0.0483,-0.0408,0.9734)
[1672308179423] acc: (0.0825,-0.0601,0.9722)
[1672308179423] acc: (0.1375,-0.0476,0.9832)
[1672308179431] acc: (0.1985,-0.0286,0.9902)
[1672308179446] acc: (0.2339,-0.0017,1.0032)
[1672308179453] acc: (0.2446,0.0088,1.0061)
[1672308179461] acc: (0.1924,0.0312,0.9941)
[1672308179476] acc: (0.1338,0.0120,0.9802)
[1672308179483] acc: (0.1218,-0.0239,0.9431)
[1672308179490] acc: (0.1201,-0.0308,0.9214)
[1672308179506] acc: (0.1702,-0.0339,0.9172)
[1672308179513] acc: (0.2673,-0.0227,0.9114)
[1672308179521] acc: (0.3755,0.0029,0.9204)
[1672308179528] acc: (0.4885,0.0259,0.9092)
[1672308179543] acc: (0.5728,0.0491,0.8640)
[1672308179551] acc: (0.6267,0.0579,0.8228)
[1672308179558] acc: (0.6851,0.0491,0.7703)
[1672308179581] acc: (0.7314,0.0356,0.7253)
[1672308179581] acc: (0.7627,0.0269,0.6855)
[1672308179588] acc: (0.7808,0.0398,0.6511)
[1672308179603] acc: (0.7849,0.0483,0.6316)
[1672308179610] acc: (0.7727,0.0474,0.6208)
[1672308179626] acc: (0.7688,0.0413,0.5938)
[1672308179633] acc: (0.7874,0.0291,0.5710)
[1672308179641] acc: (0.8271,0.0317,0.5312)
[1672308179656] acc: (0.8547,0.0415,0.5112)
[1672308179663] acc: (0.8904,0.0518,0.4724)
[1672308179671] acc: (0.9089,0.0635,0.4395)
[1672308179686] acc: (0.9233,0.0688,0.3950)
[1672308179693] acc: (0.9436,0.0645,0.3506)
[1672308179708] acc: (0.9861,0.0676,0.3059)
[1672308179708] acc: (1.0027,0.0759,0.2849)
[1672308179723] acc: (1.0002,0.0854,0.2610)
[1672308179731] acc: (0.9790,0.0940,0.2422)
[1672308179738] acc: (0.9636,0.0991,0.2070)
[1672308179754] acc: (0.9253,0.1035,0.1709)
[1672308179768] acc: (0.9182,0.0864,0.1138)
[1672308179768] acc: (0.9666,0.0710,0.0872)
[1672308179784] acc: (1.0117,0.0969,0.0681)
[1672308179798] acc: (1.0352,0.1221,0.0566)
[1672308179798] acc: (1.0479,0.1294,0.0388)
[1672308179813] acc: (1.0535,0.1270,0.0190)
[1672308179821] acc: (1.0442,0.1257,-0.0093)
[1672308179828] acc: (0.9978,0.1274,-0.0427)
[1672308179843] acc: (0.9714,0.1052,-0.0864)
[1672308179851] acc: (0.9768,0.0908,-0.1091)
[1672308179866] acc: (0.9829,0.1052,-0.1462)
[1672308179866] acc: (1.0088,0.1082,-0.1763)
[1672308179881] acc: (1.0352,0.1147,-0.1931)
[1672308179888] acc: (1.0435,0.1304,-0.2136)
[1672308179896] acc: (1.0371,0.1394,-0.2249)
[1672308179911] acc: (1.0234,0.1414,-0.2427)
[1672308179926] acc: (0.9988,0.1387,-0.2588)
[1672308179926] acc: (0.9644,0.1304,-0.2847)
[1672308179941] acc: (0.9592,0.1191,-0.2998)
[1672308179956] acc: (0.9690,0.1262,-0.3154)
[1672308179963] acc: (0.9814,0.1353,-0.3242)
[1672308179971] acc: (0.9807,0.1396,-0.3367)
[1672308179978] acc: (0.9531,0.1382,-0.3608)
[1672308179986] acc: (0.9294,0.1304,-0.3806)
[1672308180001] acc: (0.9009,0.1292,-0.4006)
[1672308180008] acc: (0.8826,0.1270,-0.4177)
[1672308180016] acc: (0.8682,0.1318,-0.4446)
[1672308180030] acc: (0.8757,0.1301,-0.4563)
[1672308180038] acc: (0.9170,0.1326,-0.4541)
[1672308180046] acc: (0.9490,0.1414,-0.4507)
[1672308180068] acc: (0.9519,0.1438,-0.4495)
[1672308180068] acc: (0.9431,0.1377,-0.4480)
[1672308180076] acc: (0.9355,0.1340,-0.4600)
[1672308180091] acc: (0.9248,0.1379,-0.4775)
[1672308180098] acc: (0.9070,0.1394,-0.4954)
[1672308180106] acc: (0.8828,0.1333,-0.5173)
[1672308180121] acc: (0.8723,0.1296,-0.5269)
[1672308180128] acc: (0.8914,0.1355,-0.5234)
[1672308180136] acc: (0.9199,0.1396,-0.5103)
[1672308180158] acc: (0.9458,0.1367,-0.4932)
[1672308180158] acc: (0.9641,0.1365,-0.4824)
[1672308180173] acc: (0.9871,0.1365,-0.4692)
[1672308180196] acc: (1.0081,0.1428,-0.4463)
[1672308180196] acc: (1.0164,0.1462,-0.4290)
[1672308180197] acc: (1.0083,0.1414,-0.4097)
[1672308180203] acc: (0.9827,0.1401,-0.3938)
[1672308180218] acc: (0.9478,0.1438,-0.3931)
[1672308180226] acc: (0.9263,0.1443,-0.3936)
[1672308180233] acc: (0.9077,0.1379,-0.3823)
