SGN
[1673000662043] mag: (-47.5625,-97.1875,-17.0000)
[1673000662051] gyr: (-0.3659,2.5610,1.8293)
[1673000662058] gyr: (-0.9146,2.9878,2.4390)
[1673000662066] gyr: (-1.5244,3.8415,2.6220)
[1673000662066] gyr: (-1.9512,5.1220,2.6829)
[1673000662073] acc: (0.1868,-0.0642,0.9961)
[1673000662074] gyr: (-2.0122,5.7317,3.0488)
[1673000662074] gyr: (-1.7683,5.7927,3.4146)
[1673000662081] acc: (0.1685,-0.0698,1.0017)
[1673000662081] gyr: (-1.4024,5.7317,3.3537)
[1673000662096] gyr: (-1.0366,5.0610,3.1098)
[1673000662096] acc: (0.1682,-0.0703,0.9961)
[1673000662097] gyr: (-0.3049,4.1463,2.8049)
[1673000662103] gyr: (0.0000,3.7805,2.6829)
[1673000662103] acc: (0.1746,-0.0615,0.9951)
[1673000662105] gyr: (0.0000,3.4146,2.7439)
[1673000662111] gyr: (-0.4268,3.4146,2.7439)
[1673000662111] acc: (0.1680,-0.0562,0.9883)
[1673000662112] gyr: (-0.6098,3.1707,2.8049)
[1673000662118] gyr: (-0.6098,3.0488,2.8049)